2019-10-14 17:45:10.985  INFO 98518 --- [restartedMain] c.d.c.community.CommunityApplication     : Starting CommunityApplication on zhoudonmindeMBP with PID 98518 (/Users/noteday/IdeaProjects/community/target/classes started by noteday in /Users/noteday/IdeaProjects/community)
2019-10-14 17:45:10.987  INFO 98518 --- [restartedMain] c.d.c.community.CommunityApplication     : No active profile set, falling back to default profiles: default
2019-10-14 17:45:11.026  INFO 98518 --- [restartedMain] .e.DevToolsPropertyDefaultsPostProcessor : Devtools property defaults active! Set 'spring.devtools.add-properties' to 'false' to disable
2019-10-14 17:45:11.027  INFO 98518 --- [restartedMain] .e.DevToolsPropertyDefaultsPostProcessor : For additional web related logging consider setting the 'logging.level.web' property to 'DEBUG'
2019-10-14 17:45:11.560  WARN 98518 --- [restartedMain] o.m.s.mapper.ClassPathMapperScanner      : No MyBatis mapper was found in '[com.domin.community.community]' package. Please check your configuration.
2019-10-14 17:45:12.088  INFO 98518 --- [restartedMain] o.s.b.w.embedded.tomcat.TomcatWebServer  : Tomcat initialized with port(s): 80 (http)
2019-10-14 17:45:12.108  INFO 98518 --- [restartedMain] o.apache.catalina.core.StandardService   : Starting service [Tomcat]
2019-10-14 17:45:12.109  INFO 98518 --- [restartedMain] org.apache.catalina.core.StandardEngine  : Starting Servlet engine: [Apache Tomcat/9.0.26]
2019-10-14 17:45:12.180  INFO 98518 --- [restartedMain] o.a.c.c.C.[Tomcat].[localhost].[/]       : Initializing Spring embedded WebApplicationContext
2019-10-14 17:45:12.180  INFO 98518 --- [restartedMain] o.s.web.context.ContextLoader            : Root WebApplicationContext: initialization completed in 1153 ms
2019-10-14 17:45:12.374  INFO 98518 --- [restartedMain] o.s.s.concurrent.ThreadPoolTaskExecutor  : Initializing ExecutorService 'applicationTaskExecutor'
2019-10-14 17:45:12.429  INFO 98518 --- [restartedMain] o.s.b.a.w.s.WelcomePageHandlerMapping    : Adding welcome page template: index
2019-10-14 17:45:12.753  INFO 98518 --- [restartedMain] o.s.b.d.a.OptionalLiveReloadServer       : LiveReload server is running on port 35729
2019-10-14 17:45:12.809  INFO 98518 --- [restartedMain] o.s.b.w.embedded.tomcat.TomcatWebServer  : Tomcat started on port(s): 80 (http) with context path ''
2019-10-14 17:45:12.812  INFO 98518 --- [restartedMain] c.d.c.community.CommunityApplication     : Started CommunityApplication in 2.145 seconds (JVM running for 2.755)
2019-10-14 17:45:25.033  INFO 98518 --- [http-nio-80-exec-1] o.a.c.c.C.[Tomcat].[localhost].[/]       : Initializing Spring DispatcherServlet 'dispatcherServlet'
2019-10-14 17:45:25.036  INFO 98518 --- [http-nio-80-exec-1] o.s.web.servlet.DispatcherServlet        : Initializing Servlet 'dispatcherServlet'
2019-10-14 17:45:25.046  INFO 98518 --- [http-nio-80-exec-1] o.s.web.servlet.DispatcherServlet        : Completed initialization in 10 ms
2019-10-14 18:40:32.044  INFO 98518 --- [Thread-13] o.s.s.concurrent.ThreadPoolTaskExecutor  : Shutting down ExecutorService 'applicationTaskExecutor'
2019-10-14 18:40:35.994  INFO 98749 --- [restartedMain] c.d.c.community.CommunityApplication     : Starting CommunityApplication on zhoudonmindeMBP.mshome.net with PID 98749 (/Users/noteday/IdeaProjects/community/target/classes started by noteday in /Users/noteday/IdeaProjects/community)
2019-10-14 18:40:35.996  INFO 98749 --- [restartedMain] c.d.c.community.CommunityApplication     : No active profile set, falling back to default profiles: default
2019-10-14 18:40:36.030  INFO 98749 --- [restartedMain] .e.DevToolsPropertyDefaultsPostProcessor : Devtools property defaults active! Set 'spring.devtools.add-properties' to 'false' to disable
2019-10-14 18:40:36.030  INFO 98749 --- [restartedMain] .e.DevToolsPropertyDefaultsPostProcessor : For additional web related logging consider setting the 'logging.level.web' property to 'DEBUG'
2019-10-14 18:40:36.571  WARN 98749 --- [restartedMain] o.m.s.mapper.ClassPathMapperScanner      : No MyBatis mapper was found in '[com.domin.community.community]' package. Please check your configuration.
2019-10-14 18:40:37.063  INFO 98749 --- [restartedMain] o.s.b.w.embedded.tomcat.TomcatWebServer  : Tomcat initialized with port(s): 80 (http)
2019-10-14 18:40:37.085  INFO 98749 --- [restartedMain] o.apache.catalina.core.StandardService   : Starting service [Tomcat]
2019-10-14 18:40:37.085  INFO 98749 --- [restartedMain] org.apache.catalina.core.StandardEngine  : Starting Servlet engine: [Apache Tomcat/9.0.26]
2019-10-14 18:40:37.169  INFO 98749 --- [restartedMain] o.a.c.c.C.[Tomcat].[localhost].[/]       : Initializing Spring embedded WebApplicationContext
2019-10-14 18:40:37.169  INFO 98749 --- [restartedMain] o.s.web.context.ContextLoader            : Root WebApplicationContext: initialization completed in 1139 ms
2019-10-14 18:40:37.334  INFO 98749 --- [restartedMain] o.s.s.concurrent.ThreadPoolTaskExecutor  : Initializing ExecutorService 'applicationTaskExecutor'
2019-10-14 18:40:37.381  INFO 98749 --- [restartedMain] o.s.b.a.w.s.WelcomePageHandlerMapping    : Adding welcome page template: index
2019-10-14 18:40:37.668  INFO 98749 --- [restartedMain] o.s.b.d.a.OptionalLiveReloadServer       : LiveReload server is running on port 35729
2019-10-14 18:40:37.721  INFO 98749 --- [restartedMain] o.s.b.w.embedded.tomcat.TomcatWebServer  : Tomcat started on port(s): 80 (http) with context path ''
2019-10-14 18:40:37.725  INFO 98749 --- [restartedMain] c.d.c.community.CommunityApplication     : Started CommunityApplication in 2.028 seconds (JVM running for 2.546)
2019-10-14 18:40:53.722  INFO 98749 --- [http-nio-80-exec-1] o.a.c.c.C.[Tomcat].[localhost].[/]       : Initializing Spring DispatcherServlet 'dispatcherServlet'
2019-10-14 18:40:53.722  INFO 98749 --- [http-nio-80-exec-1] o.s.web.servlet.DispatcherServlet        : Initializing Servlet 'dispatcherServlet'
2019-10-14 18:40:53.729  INFO 98749 --- [http-nio-80-exec-1] o.s.web.servlet.DispatcherServlet        : Completed initialization in 6 ms
2019-10-14 18:41:13.372  INFO 98749 --- [http-nio-80-exec-5] o.apache.coyote.http11.Http11Processor   : Error parsing HTTP request header
 Note: further occurrences of HTTP request parsing errors will be logged at DEBUG level.

java.lang.IllegalArgumentException: Invalid character found in method name. HTTP method names must be tokens
	at org.apache.coyote.http11.Http11InputBuffer.parseRequestLine(Http11InputBuffer.java:415) ~[tomcat-embed-core-9.0.26.jar:9.0.26]
	at org.apache.coyote.http11.Http11Processor.service(Http11Processor.java:292) ~[tomcat-embed-core-9.0.26.jar:9.0.26]
	at org.apache.coyote.AbstractProcessorLight.process(AbstractProcessorLight.java:66) [tomcat-embed-core-9.0.26.jar:9.0.26]
	at org.apache.coyote.AbstractProtocol$ConnectionHandler.process(AbstractProtocol.java:860) [tomcat-embed-core-9.0.26.jar:9.0.26]
	at org.apache.tomcat.util.net.NioEndpoint$SocketProcessor.doRun(NioEndpoint.java:1589) [tomcat-embed-core-9.0.26.jar:9.0.26]
	at org.apache.tomcat.util.net.SocketProcessorBase.run(SocketProcessorBase.java:49) [tomcat-embed-core-9.0.26.jar:9.0.26]
	at java.util.concurrent.ThreadPoolExecutor.runWorker(ThreadPoolExecutor.java:1149) [na:1.8.0_191]
	at java.util.concurrent.ThreadPoolExecutor$Worker.run(ThreadPoolExecutor.java:624) [na:1.8.0_191]
	at org.apache.tomcat.util.threads.TaskThread$WrappingRunnable.run(TaskThread.java:61) [tomcat-embed-core-9.0.26.jar:9.0.26]
	at java.lang.Thread.run(Thread.java:748) [na:1.8.0_191]

2019-10-14 18:41:13.515  INFO 98749 --- [http-nio-80-exec-8] o.apache.coyote.http11.Http11Processor   : Error parsing HTTP request header
 Note: further occurrences of HTTP request parsing errors will be logged at DEBUG level.

java.lang.IllegalArgumentException: Invalid character found in method name. HTTP method names must be tokens
	at org.apache.coyote.http11.Http11InputBuffer.parseRequestLine(Http11InputBuffer.java:415) ~[tomcat-embed-core-9.0.26.jar:9.0.26]
	at org.apache.coyote.http11.Http11Processor.service(Http11Processor.java:292) ~[tomcat-embed-core-9.0.26.jar:9.0.26]
	at org.apache.coyote.AbstractProcessorLight.process(AbstractProcessorLight.java:66) [tomcat-embed-core-9.0.26.jar:9.0.26]
	at org.apache.coyote.AbstractProtocol$ConnectionHandler.process(AbstractProtocol.java:860) [tomcat-embed-core-9.0.26.jar:9.0.26]
	at org.apache.tomcat.util.net.NioEndpoint$SocketProcessor.doRun(NioEndpoint.java:1589) [tomcat-embed-core-9.0.26.jar:9.0.26]
	at org.apache.tomcat.util.net.SocketProcessorBase.run(SocketProcessorBase.java:49) [tomcat-embed-core-9.0.26.jar:9.0.26]
	at java.util.concurrent.ThreadPoolExecutor.runWorker(ThreadPoolExecutor.java:1149) [na:1.8.0_191]
	at java.util.concurrent.ThreadPoolExecutor$Worker.run(ThreadPoolExecutor.java:624) [na:1.8.0_191]
	at org.apache.tomcat.util.threads.TaskThread$WrappingRunnable.run(TaskThread.java:61) [tomcat-embed-core-9.0.26.jar:9.0.26]
	at java.lang.Thread.run(Thread.java:748) [na:1.8.0_191]

2019-10-14 19:01:40.215  INFO 98749 --- [Thread-12] o.s.s.concurrent.ThreadPoolTaskExecutor  : Shutting down ExecutorService 'applicationTaskExecutor'
2019-10-14 19:02:47.877  INFO 98988 --- [restartedMain] c.d.c.community.CommunityApplication     : Starting CommunityApplication on zhoudonmindeMBP.mshome.net with PID 98988 (/Users/noteday/IdeaProjects/community/target/classes started by noteday in /Users/noteday/IdeaProjects/community)
2019-10-14 19:02:47.880  INFO 98988 --- [restartedMain] c.d.c.community.CommunityApplication     : No active profile set, falling back to default profiles: default
2019-10-14 19:02:47.925  INFO 98988 --- [restartedMain] .e.DevToolsPropertyDefaultsPostProcessor : Devtools property defaults active! Set 'spring.devtools.add-properties' to 'false' to disable
2019-10-14 19:02:47.926  INFO 98988 --- [restartedMain] .e.DevToolsPropertyDefaultsPostProcessor : For additional web related logging consider setting the 'logging.level.web' property to 'DEBUG'
2019-10-14 19:02:48.454  WARN 98988 --- [restartedMain] o.m.s.mapper.ClassPathMapperScanner      : No MyBatis mapper was found in '[com.domin.community.community]' package. Please check your configuration.
2019-10-14 19:02:48.964  INFO 98988 --- [restartedMain] o.s.b.w.embedded.tomcat.TomcatWebServer  : Tomcat initialized with port(s): 80 (http)
2019-10-14 19:02:48.981  INFO 98988 --- [restartedMain] o.apache.catalina.core.StandardService   : Starting service [Tomcat]
2019-10-14 19:02:48.981  INFO 98988 --- [restartedMain] org.apache.catalina.core.StandardEngine  : Starting Servlet engine: [Apache Tomcat/9.0.26]
2019-10-14 19:02:49.036  INFO 98988 --- [restartedMain] o.a.c.c.C.[Tomcat].[localhost].[/]       : Initializing Spring embedded WebApplicationContext
2019-10-14 19:02:49.036  INFO 98988 --- [restartedMain] o.s.web.context.ContextLoader            : Root WebApplicationContext: initialization completed in 1110 ms
2019-10-14 19:02:49.214  INFO 98988 --- [restartedMain] o.s.s.concurrent.ThreadPoolTaskExecutor  : Initializing ExecutorService 'applicationTaskExecutor'
2019-10-14 19:02:49.275  INFO 98988 --- [restartedMain] o.s.b.a.w.s.WelcomePageHandlerMapping    : Adding welcome page template: index
2019-10-14 19:02:49.691  INFO 98988 --- [restartedMain] o.s.b.d.a.OptionalLiveReloadServer       : LiveReload server is running on port 35729
2019-10-14 19:02:49.743  INFO 98988 --- [restartedMain] o.s.b.w.embedded.tomcat.TomcatWebServer  : Tomcat started on port(s): 80 (http) with context path ''
2019-10-14 19:02:49.746  INFO 98988 --- [restartedMain] c.d.c.community.CommunityApplication     : Started CommunityApplication in 2.146 seconds (JVM running for 2.619)
2019-10-14 19:02:56.067  INFO 98988 --- [http-nio-80-exec-1] o.apache.coyote.http11.Http11Processor   : Error parsing HTTP request header
 Note: further occurrences of HTTP request parsing errors will be logged at DEBUG level.

java.lang.IllegalArgumentException: Invalid character found in method name. HTTP method names must be tokens
	at org.apache.coyote.http11.Http11InputBuffer.parseRequestLine(Http11InputBuffer.java:415) ~[tomcat-embed-core-9.0.26.jar:9.0.26]
	at org.apache.coyote.http11.Http11Processor.service(Http11Processor.java:292) ~[tomcat-embed-core-9.0.26.jar:9.0.26]
	at org.apache.coyote.AbstractProcessorLight.process(AbstractProcessorLight.java:66) [tomcat-embed-core-9.0.26.jar:9.0.26]
	at org.apache.coyote.AbstractProtocol$ConnectionHandler.process(AbstractProtocol.java:860) [tomcat-embed-core-9.0.26.jar:9.0.26]
	at org.apache.tomcat.util.net.NioEndpoint$SocketProcessor.doRun(NioEndpoint.java:1589) [tomcat-embed-core-9.0.26.jar:9.0.26]
	at org.apache.tomcat.util.net.SocketProcessorBase.run(SocketProcessorBase.java:49) [tomcat-embed-core-9.0.26.jar:9.0.26]
	at java.util.concurrent.ThreadPoolExecutor.runWorker(ThreadPoolExecutor.java:1149) [na:1.8.0_191]
	at java.util.concurrent.ThreadPoolExecutor$Worker.run(ThreadPoolExecutor.java:624) [na:1.8.0_191]
	at org.apache.tomcat.util.threads.TaskThread$WrappingRunnable.run(TaskThread.java:61) [tomcat-embed-core-9.0.26.jar:9.0.26]
	at java.lang.Thread.run(Thread.java:748) [na:1.8.0_191]

2019-10-14 19:02:56.067  INFO 98988 --- [http-nio-80-exec-2] o.apache.coyote.http11.Http11Processor   : Error parsing HTTP request header
 Note: further occurrences of HTTP request parsing errors will be logged at DEBUG level.

java.lang.IllegalArgumentException: Invalid character found in method name. HTTP method names must be tokens
	at org.apache.coyote.http11.Http11InputBuffer.parseRequestLine(Http11InputBuffer.java:415) ~[tomcat-embed-core-9.0.26.jar:9.0.26]
	at org.apache.coyote.http11.Http11Processor.service(Http11Processor.java:292) ~[tomcat-embed-core-9.0.26.jar:9.0.26]
	at org.apache.coyote.AbstractProcessorLight.process(AbstractProcessorLight.java:66) [tomcat-embed-core-9.0.26.jar:9.0.26]
	at org.apache.coyote.AbstractProtocol$ConnectionHandler.process(AbstractProtocol.java:860) [tomcat-embed-core-9.0.26.jar:9.0.26]
	at org.apache.tomcat.util.net.NioEndpoint$SocketProcessor.doRun(NioEndpoint.java:1589) [tomcat-embed-core-9.0.26.jar:9.0.26]
	at org.apache.tomcat.util.net.SocketProcessorBase.run(SocketProcessorBase.java:49) [tomcat-embed-core-9.0.26.jar:9.0.26]
	at java.util.concurrent.ThreadPoolExecutor.runWorker(ThreadPoolExecutor.java:1149) [na:1.8.0_191]
	at java.util.concurrent.ThreadPoolExecutor$Worker.run(ThreadPoolExecutor.java:624) [na:1.8.0_191]
	at org.apache.tomcat.util.threads.TaskThread$WrappingRunnable.run(TaskThread.java:61) [tomcat-embed-core-9.0.26.jar:9.0.26]
	at java.lang.Thread.run(Thread.java:748) [na:1.8.0_191]

2019-10-14 19:03:52.659  INFO 98988 --- [http-nio-80-exec-8] o.a.c.c.C.[Tomcat].[localhost].[/]       : Initializing Spring DispatcherServlet 'dispatcherServlet'
2019-10-14 19:03:52.660  INFO 98988 --- [http-nio-80-exec-8] o.s.web.servlet.DispatcherServlet        : Initializing Servlet 'dispatcherServlet'
2019-10-14 19:03:52.676  INFO 98988 --- [http-nio-80-exec-8] o.s.web.servlet.DispatcherServlet        : Completed initialization in 16 ms
2019-10-14 23:33:10.466  INFO 98988 --- [Thread-12] o.s.s.concurrent.ThreadPoolTaskExecutor  : Shutting down ExecutorService 'applicationTaskExecutor'
2019-10-14 23:33:14.798  INFO 99408 --- [restartedMain] c.d.c.community.CommunityApplication     : Starting CommunityApplication on zhoudonmindeMBP.mshome.net with PID 99408 (/Users/noteday/IdeaProjects/community/target/classes started by noteday in /Users/noteday/IdeaProjects/community)
2019-10-14 23:33:14.800  INFO 99408 --- [restartedMain] c.d.c.community.CommunityApplication     : No active profile set, falling back to default profiles: default
2019-10-14 23:33:14.839  INFO 99408 --- [restartedMain] .e.DevToolsPropertyDefaultsPostProcessor : Devtools property defaults active! Set 'spring.devtools.add-properties' to 'false' to disable
2019-10-14 23:33:14.839  INFO 99408 --- [restartedMain] .e.DevToolsPropertyDefaultsPostProcessor : For additional web related logging consider setting the 'logging.level.web' property to 'DEBUG'
2019-10-14 23:33:15.317  WARN 99408 --- [restartedMain] o.m.s.mapper.ClassPathMapperScanner      : No MyBatis mapper was found in '[com.domin.community.community]' package. Please check your configuration.
2019-10-14 23:33:15.832  INFO 99408 --- [restartedMain] o.s.b.w.embedded.tomcat.TomcatWebServer  : Tomcat initialized with port(s): 80 (http)
2019-10-14 23:33:15.849  INFO 99408 --- [restartedMain] o.apache.catalina.core.StandardService   : Starting service [Tomcat]
2019-10-14 23:33:15.849  INFO 99408 --- [restartedMain] org.apache.catalina.core.StandardEngine  : Starting Servlet engine: [Apache Tomcat/9.0.26]
2019-10-14 23:33:15.907  INFO 99408 --- [restartedMain] o.a.c.c.C.[Tomcat].[localhost].[/]       : Initializing Spring embedded WebApplicationContext
2019-10-14 23:33:15.907  INFO 99408 --- [restartedMain] o.s.web.context.ContextLoader            : Root WebApplicationContext: initialization completed in 1068 ms
2019-10-14 23:33:16.071  INFO 99408 --- [restartedMain] o.s.s.concurrent.ThreadPoolTaskExecutor  : Initializing ExecutorService 'applicationTaskExecutor'
2019-10-14 23:33:16.119  INFO 99408 --- [restartedMain] o.s.b.a.w.s.WelcomePageHandlerMapping    : Adding welcome page template: index
2019-10-14 23:33:16.425  INFO 99408 --- [restartedMain] o.s.b.d.a.OptionalLiveReloadServer       : LiveReload server is running on port 35729
2019-10-14 23:33:16.479  INFO 99408 --- [restartedMain] o.s.b.w.embedded.tomcat.TomcatWebServer  : Tomcat started on port(s): 80 (http) with context path ''
2019-10-14 23:33:16.482  INFO 99408 --- [restartedMain] c.d.c.community.CommunityApplication     : Started CommunityApplication in 1.933 seconds (JVM running for 2.391)
2019-10-14 23:33:25.156  INFO 99408 --- [http-nio-80-exec-2] o.apache.coyote.http11.Http11Processor   : Error parsing HTTP request header
 Note: further occurrences of HTTP request parsing errors will be logged at DEBUG level.

java.lang.IllegalArgumentException: Invalid character found in method name. HTTP method names must be tokens
	at org.apache.coyote.http11.Http11InputBuffer.parseRequestLine(Http11InputBuffer.java:415) ~[tomcat-embed-core-9.0.26.jar:9.0.26]
	at org.apache.coyote.http11.Http11Processor.service(Http11Processor.java:292) ~[tomcat-embed-core-9.0.26.jar:9.0.26]
	at org.apache.coyote.AbstractProcessorLight.process(AbstractProcessorLight.java:66) [tomcat-embed-core-9.0.26.jar:9.0.26]
	at org.apache.coyote.AbstractProtocol$ConnectionHandler.process(AbstractProtocol.java:860) [tomcat-embed-core-9.0.26.jar:9.0.26]
	at org.apache.tomcat.util.net.NioEndpoint$SocketProcessor.doRun(NioEndpoint.java:1589) [tomcat-embed-core-9.0.26.jar:9.0.26]
	at org.apache.tomcat.util.net.SocketProcessorBase.run(SocketProcessorBase.java:49) [tomcat-embed-core-9.0.26.jar:9.0.26]
	at java.util.concurrent.ThreadPoolExecutor.runWorker(ThreadPoolExecutor.java:1149) [na:1.8.0_191]
	at java.util.concurrent.ThreadPoolExecutor$Worker.run(ThreadPoolExecutor.java:624) [na:1.8.0_191]
	at org.apache.tomcat.util.threads.TaskThread$WrappingRunnable.run(TaskThread.java:61) [tomcat-embed-core-9.0.26.jar:9.0.26]
	at java.lang.Thread.run(Thread.java:748) [na:1.8.0_191]

2019-10-14 23:33:25.156  INFO 99408 --- [http-nio-80-exec-1] o.apache.coyote.http11.Http11Processor   : Error parsing HTTP request header
 Note: further occurrences of HTTP request parsing errors will be logged at DEBUG level.

java.lang.IllegalArgumentException: Invalid character found in method name. HTTP method names must be tokens
	at org.apache.coyote.http11.Http11InputBuffer.parseRequestLine(Http11InputBuffer.java:415) ~[tomcat-embed-core-9.0.26.jar:9.0.26]
	at org.apache.coyote.http11.Http11Processor.service(Http11Processor.java:292) ~[tomcat-embed-core-9.0.26.jar:9.0.26]
	at org.apache.coyote.AbstractProcessorLight.process(AbstractProcessorLight.java:66) [tomcat-embed-core-9.0.26.jar:9.0.26]
	at org.apache.coyote.AbstractProtocol$ConnectionHandler.process(AbstractProtocol.java:860) [tomcat-embed-core-9.0.26.jar:9.0.26]
	at org.apache.tomcat.util.net.NioEndpoint$SocketProcessor.doRun(NioEndpoint.java:1589) [tomcat-embed-core-9.0.26.jar:9.0.26]
	at org.apache.tomcat.util.net.SocketProcessorBase.run(SocketProcessorBase.java:49) [tomcat-embed-core-9.0.26.jar:9.0.26]
	at java.util.concurrent.ThreadPoolExecutor.runWorker(ThreadPoolExecutor.java:1149) [na:1.8.0_191]
	at java.util.concurrent.ThreadPoolExecutor$Worker.run(ThreadPoolExecutor.java:624) [na:1.8.0_191]
	at org.apache.tomcat.util.threads.TaskThread$WrappingRunnable.run(TaskThread.java:61) [tomcat-embed-core-9.0.26.jar:9.0.26]
	at java.lang.Thread.run(Thread.java:748) [na:1.8.0_191]

2019-10-14 23:33:35.464  INFO 99408 --- [http-nio-80-exec-7] o.apache.coyote.http11.Http11Processor   : Error parsing HTTP request header
 Note: further occurrences of HTTP request parsing errors will be logged at DEBUG level.

java.lang.IllegalArgumentException: Invalid character found in method name. HTTP method names must be tokens
	at org.apache.coyote.http11.Http11InputBuffer.parseRequestLine(Http11InputBuffer.java:415) ~[tomcat-embed-core-9.0.26.jar:9.0.26]
	at org.apache.coyote.http11.Http11Processor.service(Http11Processor.java:292) ~[tomcat-embed-core-9.0.26.jar:9.0.26]
	at org.apache.coyote.AbstractProcessorLight.process(AbstractProcessorLight.java:66) [tomcat-embed-core-9.0.26.jar:9.0.26]
	at org.apache.coyote.AbstractProtocol$ConnectionHandler.process(AbstractProtocol.java:860) [tomcat-embed-core-9.0.26.jar:9.0.26]
	at org.apache.tomcat.util.net.NioEndpoint$SocketProcessor.doRun(NioEndpoint.java:1589) [tomcat-embed-core-9.0.26.jar:9.0.26]
	at org.apache.tomcat.util.net.SocketProcessorBase.run(SocketProcessorBase.java:49) [tomcat-embed-core-9.0.26.jar:9.0.26]
	at java.util.concurrent.ThreadPoolExecutor.runWorker(ThreadPoolExecutor.java:1149) [na:1.8.0_191]
	at java.util.concurrent.ThreadPoolExecutor$Worker.run(ThreadPoolExecutor.java:624) [na:1.8.0_191]
	at org.apache.tomcat.util.threads.TaskThread$WrappingRunnable.run(TaskThread.java:61) [tomcat-embed-core-9.0.26.jar:9.0.26]
	at java.lang.Thread.run(Thread.java:748) [na:1.8.0_191]

2019-10-14 23:33:43.785  INFO 99408 --- [http-nio-80-exec-10] o.a.c.c.C.[Tomcat].[localhost].[/]       : Initializing Spring DispatcherServlet 'dispatcherServlet'
2019-10-14 23:33:43.785  INFO 99408 --- [http-nio-80-exec-10] o.s.web.servlet.DispatcherServlet        : Initializing Servlet 'dispatcherServlet'
2019-10-14 23:33:43.793  INFO 99408 --- [http-nio-80-exec-10] o.s.web.servlet.DispatcherServlet        : Completed initialization in 8 ms
2019-10-14 23:37:09.479  INFO 99408 --- [Thread-12] o.s.s.concurrent.ThreadPoolTaskExecutor  : Shutting down ExecutorService 'applicationTaskExecutor'
2019-10-14 23:37:11.881  INFO 99431 --- [restartedMain] c.d.c.community.CommunityApplication     : Starting CommunityApplication on zhoudonmindeMBP.mshome.net with PID 99431 (/Users/noteday/IdeaProjects/community/target/classes started by noteday in /Users/noteday/IdeaProjects/community)
2019-10-14 23:37:11.883  INFO 99431 --- [restartedMain] c.d.c.community.CommunityApplication     : No active profile set, falling back to default profiles: default
2019-10-14 23:37:11.923  INFO 99431 --- [restartedMain] .e.DevToolsPropertyDefaultsPostProcessor : Devtools property defaults active! Set 'spring.devtools.add-properties' to 'false' to disable
2019-10-14 23:37:11.924  INFO 99431 --- [restartedMain] .e.DevToolsPropertyDefaultsPostProcessor : For additional web related logging consider setting the 'logging.level.web' property to 'DEBUG'
2019-10-14 23:37:12.420  WARN 99431 --- [restartedMain] o.m.s.mapper.ClassPathMapperScanner      : No MyBatis mapper was found in '[com.domin.community.community]' package. Please check your configuration.
2019-10-14 23:37:12.958  INFO 99431 --- [restartedMain] o.s.b.w.embedded.tomcat.TomcatWebServer  : Tomcat initialized with port(s): 80 (http)
2019-10-14 23:37:12.975  INFO 99431 --- [restartedMain] o.apache.catalina.core.StandardService   : Starting service [Tomcat]
2019-10-14 23:37:12.975  INFO 99431 --- [restartedMain] org.apache.catalina.core.StandardEngine  : Starting Servlet engine: [Apache Tomcat/9.0.26]
2019-10-14 23:37:13.035  INFO 99431 --- [restartedMain] o.a.c.c.C.[Tomcat].[localhost].[/]       : Initializing Spring embedded WebApplicationContext
2019-10-14 23:37:13.035  INFO 99431 --- [restartedMain] o.s.web.context.ContextLoader            : Root WebApplicationContext: initialization completed in 1111 ms
2019-10-14 23:37:13.204  INFO 99431 --- [restartedMain] o.s.s.concurrent.ThreadPoolTaskExecutor  : Initializing ExecutorService 'applicationTaskExecutor'
2019-10-14 23:37:13.251  INFO 99431 --- [restartedMain] o.s.b.a.w.s.WelcomePageHandlerMapping    : Adding welcome page template: index
2019-10-14 23:37:13.475  INFO 99431 --- [restartedMain] o.s.b.d.a.OptionalLiveReloadServer       : LiveReload server is running on port 35729
2019-10-14 23:37:13.586  INFO 99431 --- [restartedMain] o.s.b.w.embedded.tomcat.TomcatWebServer  : Tomcat started on port(s): 80 (http) with context path ''
2019-10-14 23:37:13.589  INFO 99431 --- [restartedMain] c.d.c.community.CommunityApplication     : Started CommunityApplication in 1.972 seconds (JVM running for 2.453)
2019-10-14 23:37:20.546  INFO 99431 --- [http-nio-80-exec-1] o.apache.coyote.http11.Http11Processor   : Error parsing HTTP request header
 Note: further occurrences of HTTP request parsing errors will be logged at DEBUG level.

java.lang.IllegalArgumentException: Invalid character found in method name. HTTP method names must be tokens
	at org.apache.coyote.http11.Http11InputBuffer.parseRequestLine(Http11InputBuffer.java:415) ~[tomcat-embed-core-9.0.26.jar:9.0.26]
	at org.apache.coyote.http11.Http11Processor.service(Http11Processor.java:292) ~[tomcat-embed-core-9.0.26.jar:9.0.26]
	at org.apache.coyote.AbstractProcessorLight.process(AbstractProcessorLight.java:66) [tomcat-embed-core-9.0.26.jar:9.0.26]
	at org.apache.coyote.AbstractProtocol$ConnectionHandler.process(AbstractProtocol.java:860) [tomcat-embed-core-9.0.26.jar:9.0.26]
	at org.apache.tomcat.util.net.NioEndpoint$SocketProcessor.doRun(NioEndpoint.java:1589) [tomcat-embed-core-9.0.26.jar:9.0.26]
	at org.apache.tomcat.util.net.SocketProcessorBase.run(SocketProcessorBase.java:49) [tomcat-embed-core-9.0.26.jar:9.0.26]
	at java.util.concurrent.ThreadPoolExecutor.runWorker(ThreadPoolExecutor.java:1149) [na:1.8.0_191]
	at java.util.concurrent.ThreadPoolExecutor$Worker.run(ThreadPoolExecutor.java:624) [na:1.8.0_191]
	at org.apache.tomcat.util.threads.TaskThread$WrappingRunnable.run(TaskThread.java:61) [tomcat-embed-core-9.0.26.jar:9.0.26]
	at java.lang.Thread.run(Thread.java:748) [na:1.8.0_191]

2019-10-14 23:37:20.546  INFO 99431 --- [http-nio-80-exec-2] o.apache.coyote.http11.Http11Processor   : Error parsing HTTP request header
 Note: further occurrences of HTTP request parsing errors will be logged at DEBUG level.

java.lang.IllegalArgumentException: Invalid character found in method name. HTTP method names must be tokens
	at org.apache.coyote.http11.Http11InputBuffer.parseRequestLine(Http11InputBuffer.java:415) ~[tomcat-embed-core-9.0.26.jar:9.0.26]
	at org.apache.coyote.http11.Http11Processor.service(Http11Processor.java:292) ~[tomcat-embed-core-9.0.26.jar:9.0.26]
	at org.apache.coyote.AbstractProcessorLight.process(AbstractProcessorLight.java:66) [tomcat-embed-core-9.0.26.jar:9.0.26]
	at org.apache.coyote.AbstractProtocol$ConnectionHandler.process(AbstractProtocol.java:860) [tomcat-embed-core-9.0.26.jar:9.0.26]
	at org.apache.tomcat.util.net.NioEndpoint$SocketProcessor.doRun(NioEndpoint.java:1589) [tomcat-embed-core-9.0.26.jar:9.0.26]
	at org.apache.tomcat.util.net.SocketProcessorBase.run(SocketProcessorBase.java:49) [tomcat-embed-core-9.0.26.jar:9.0.26]
	at java.util.concurrent.ThreadPoolExecutor.runWorker(ThreadPoolExecutor.java:1149) [na:1.8.0_191]
	at java.util.concurrent.ThreadPoolExecutor$Worker.run(ThreadPoolExecutor.java:624) [na:1.8.0_191]
	at org.apache.tomcat.util.threads.TaskThread$WrappingRunnable.run(TaskThread.java:61) [tomcat-embed-core-9.0.26.jar:9.0.26]
	at java.lang.Thread.run(Thread.java:748) [na:1.8.0_191]

2019-10-14 23:37:27.725  INFO 99431 --- [http-nio-80-exec-7] o.a.c.c.C.[Tomcat].[localhost].[/]       : Initializing Spring DispatcherServlet 'dispatcherServlet'
2019-10-14 23:37:27.726  INFO 99431 --- [http-nio-80-exec-7] o.s.web.servlet.DispatcherServlet        : Initializing Servlet 'dispatcherServlet'
2019-10-14 23:37:27.733  INFO 99431 --- [http-nio-80-exec-7] o.s.web.servlet.DispatcherServlet        : Completed initialization in 7 ms
2019-10-14 23:37:30.274  INFO 99431 --- [http-nio-80-exec-3] o.apache.coyote.http11.Http11Processor   : Error parsing HTTP request header
 Note: further occurrences of HTTP request parsing errors will be logged at DEBUG level.

java.lang.IllegalArgumentException: Invalid character found in method name. HTTP method names must be tokens
	at org.apache.coyote.http11.Http11InputBuffer.parseRequestLine(Http11InputBuffer.java:415) ~[tomcat-embed-core-9.0.26.jar:9.0.26]
	at org.apache.coyote.http11.Http11Processor.service(Http11Processor.java:292) ~[tomcat-embed-core-9.0.26.jar:9.0.26]
	at org.apache.coyote.AbstractProcessorLight.process(AbstractProcessorLight.java:66) [tomcat-embed-core-9.0.26.jar:9.0.26]
	at org.apache.coyote.AbstractProtocol$ConnectionHandler.process(AbstractProtocol.java:860) [tomcat-embed-core-9.0.26.jar:9.0.26]
	at org.apache.tomcat.util.net.NioEndpoint$SocketProcessor.doRun(NioEndpoint.java:1589) [tomcat-embed-core-9.0.26.jar:9.0.26]
	at org.apache.tomcat.util.net.SocketProcessorBase.run(SocketProcessorBase.java:49) [tomcat-embed-core-9.0.26.jar:9.0.26]
	at java.util.concurrent.ThreadPoolExecutor.runWorker(ThreadPoolExecutor.java:1149) [na:1.8.0_191]
	at java.util.concurrent.ThreadPoolExecutor$Worker.run(ThreadPoolExecutor.java:624) [na:1.8.0_191]
	at org.apache.tomcat.util.threads.TaskThread$WrappingRunnable.run(TaskThread.java:61) [tomcat-embed-core-9.0.26.jar:9.0.26]
	at java.lang.Thread.run(Thread.java:748) [na:1.8.0_191]

2019-10-14 23:39:26.277  INFO 99431 --- [Thread-9] o.s.s.concurrent.ThreadPoolTaskExecutor  : Shutting down ExecutorService 'applicationTaskExecutor'
2019-10-14 23:39:30.441  INFO 99447 --- [restartedMain] c.d.c.community.CommunityApplication     : Starting CommunityApplication on zhoudonmindeMBP.mshome.net with PID 99447 (/Users/noteday/IdeaProjects/community/target/classes started by noteday in /Users/noteday/IdeaProjects/community)
2019-10-14 23:39:30.443  INFO 99447 --- [restartedMain] c.d.c.community.CommunityApplication     : No active profile set, falling back to default profiles: default
2019-10-14 23:39:30.483  INFO 99447 --- [restartedMain] .e.DevToolsPropertyDefaultsPostProcessor : Devtools property defaults active! Set 'spring.devtools.add-properties' to 'false' to disable
2019-10-14 23:39:30.484  INFO 99447 --- [restartedMain] .e.DevToolsPropertyDefaultsPostProcessor : For additional web related logging consider setting the 'logging.level.web' property to 'DEBUG'
2019-10-14 23:39:30.981  WARN 99447 --- [restartedMain] o.m.s.mapper.ClassPathMapperScanner      : No MyBatis mapper was found in '[com.domin.community.community]' package. Please check your configuration.
2019-10-14 23:39:31.490  INFO 99447 --- [restartedMain] o.s.b.w.embedded.tomcat.TomcatWebServer  : Tomcat initialized with port(s): 80 (http)
2019-10-14 23:39:31.507  INFO 99447 --- [restartedMain] o.apache.catalina.core.StandardService   : Starting service [Tomcat]
2019-10-14 23:39:31.507  INFO 99447 --- [restartedMain] org.apache.catalina.core.StandardEngine  : Starting Servlet engine: [Apache Tomcat/9.0.26]
2019-10-14 23:39:31.562  INFO 99447 --- [restartedMain] o.a.c.c.C.[Tomcat].[localhost].[/]       : Initializing Spring embedded WebApplicationContext
2019-10-14 23:39:31.563  INFO 99447 --- [restartedMain] o.s.web.context.ContextLoader            : Root WebApplicationContext: initialization completed in 1079 ms
2019-10-14 23:39:31.723  INFO 99447 --- [restartedMain] o.s.s.concurrent.ThreadPoolTaskExecutor  : Initializing ExecutorService 'applicationTaskExecutor'
2019-10-14 23:39:31.770  INFO 99447 --- [restartedMain] o.s.b.a.w.s.WelcomePageHandlerMapping    : Adding welcome page template: index
2019-10-14 23:39:32.067  INFO 99447 --- [restartedMain] o.s.b.d.a.OptionalLiveReloadServer       : LiveReload server is running on port 35729
2019-10-14 23:39:32.119  INFO 99447 --- [restartedMain] o.s.b.w.embedded.tomcat.TomcatWebServer  : Tomcat started on port(s): 80 (http) with context path ''
2019-10-14 23:39:32.122  INFO 99447 --- [restartedMain] c.d.c.community.CommunityApplication     : Started CommunityApplication in 1.945 seconds (JVM running for 2.438)
2019-10-14 23:39:53.120  INFO 99447 --- [http-nio-80-exec-1] o.a.c.c.C.[Tomcat].[localhost].[/]       : Initializing Spring DispatcherServlet 'dispatcherServlet'
2019-10-14 23:39:53.121  INFO 99447 --- [http-nio-80-exec-1] o.s.web.servlet.DispatcherServlet        : Initializing Servlet 'dispatcherServlet'
2019-10-14 23:39:53.128  INFO 99447 --- [http-nio-80-exec-1] o.s.web.servlet.DispatcherServlet        : Completed initialization in 7 ms
2019-10-14 23:39:57.083  INFO 99447 --- [http-nio-80-exec-5] o.apache.coyote.http11.Http11Processor   : Error parsing HTTP request header
 Note: further occurrences of HTTP request parsing errors will be logged at DEBUG level.

java.lang.IllegalArgumentException: Invalid character found in method name. HTTP method names must be tokens
	at org.apache.coyote.http11.Http11InputBuffer.parseRequestLine(Http11InputBuffer.java:415) ~[tomcat-embed-core-9.0.26.jar:9.0.26]
	at org.apache.coyote.http11.Http11Processor.service(Http11Processor.java:292) ~[tomcat-embed-core-9.0.26.jar:9.0.26]
	at org.apache.coyote.AbstractProcessorLight.process(AbstractProcessorLight.java:66) [tomcat-embed-core-9.0.26.jar:9.0.26]
	at org.apache.coyote.AbstractProtocol$ConnectionHandler.process(AbstractProtocol.java:860) [tomcat-embed-core-9.0.26.jar:9.0.26]
	at org.apache.tomcat.util.net.NioEndpoint$SocketProcessor.doRun(NioEndpoint.java:1589) [tomcat-embed-core-9.0.26.jar:9.0.26]
	at org.apache.tomcat.util.net.SocketProcessorBase.run(SocketProcessorBase.java:49) [tomcat-embed-core-9.0.26.jar:9.0.26]
	at java.util.concurrent.ThreadPoolExecutor.runWorker(ThreadPoolExecutor.java:1149) [na:1.8.0_191]
	at java.util.concurrent.ThreadPoolExecutor$Worker.run(ThreadPoolExecutor.java:624) [na:1.8.0_191]
	at org.apache.tomcat.util.threads.TaskThread$WrappingRunnable.run(TaskThread.java:61) [tomcat-embed-core-9.0.26.jar:9.0.26]
	at java.lang.Thread.run(Thread.java:748) [na:1.8.0_191]

2019-10-14 23:42:44.135  INFO 99447 --- [Thread-12] o.s.s.concurrent.ThreadPoolTaskExecutor  : Shutting down ExecutorService 'applicationTaskExecutor'
2019-10-14 23:42:47.840  INFO 99455 --- [restartedMain] c.d.c.community.CommunityApplication     : Starting CommunityApplication on zhoudonmindeMBP.mshome.net with PID 99455 (/Users/noteday/IdeaProjects/community/target/classes started by noteday in /Users/noteday/IdeaProjects/community)
2019-10-14 23:42:47.843  INFO 99455 --- [restartedMain] c.d.c.community.CommunityApplication     : No active profile set, falling back to default profiles: default
2019-10-14 23:42:47.881  INFO 99455 --- [restartedMain] .e.DevToolsPropertyDefaultsPostProcessor : Devtools property defaults active! Set 'spring.devtools.add-properties' to 'false' to disable
2019-10-14 23:42:47.882  INFO 99455 --- [restartedMain] .e.DevToolsPropertyDefaultsPostProcessor : For additional web related logging consider setting the 'logging.level.web' property to 'DEBUG'
2019-10-14 23:42:48.395  WARN 99455 --- [restartedMain] o.m.s.mapper.ClassPathMapperScanner      : No MyBatis mapper was found in '[com.domin.community.community]' package. Please check your configuration.
2019-10-14 23:42:48.910  INFO 99455 --- [restartedMain] o.s.b.w.embedded.tomcat.TomcatWebServer  : Tomcat initialized with port(s): 80 (http)
2019-10-14 23:42:48.928  INFO 99455 --- [restartedMain] o.apache.catalina.core.StandardService   : Starting service [Tomcat]
2019-10-14 23:42:48.929  INFO 99455 --- [restartedMain] org.apache.catalina.core.StandardEngine  : Starting Servlet engine: [Apache Tomcat/9.0.26]
2019-10-14 23:42:48.986  INFO 99455 --- [restartedMain] o.a.c.c.C.[Tomcat].[localhost].[/]       : Initializing Spring embedded WebApplicationContext
2019-10-14 23:42:48.986  INFO 99455 --- [restartedMain] o.s.web.context.ContextLoader            : Root WebApplicationContext: initialization completed in 1104 ms
2019-10-14 23:42:49.151  INFO 99455 --- [restartedMain] o.s.s.concurrent.ThreadPoolTaskExecutor  : Initializing ExecutorService 'applicationTaskExecutor'
2019-10-14 23:42:49.195  INFO 99455 --- [restartedMain] o.s.b.a.w.s.WelcomePageHandlerMapping    : Adding welcome page template: index
2019-10-14 23:42:49.501  INFO 99455 --- [restartedMain] o.s.b.d.a.OptionalLiveReloadServer       : LiveReload server is running on port 35729
2019-10-14 23:42:49.553  INFO 99455 --- [restartedMain] o.s.b.w.embedded.tomcat.TomcatWebServer  : Tomcat started on port(s): 80 (http) with context path ''
2019-10-14 23:42:49.556  INFO 99455 --- [restartedMain] c.d.c.community.CommunityApplication     : Started CommunityApplication in 1.965 seconds (JVM running for 2.446)
2019-10-14 23:43:41.504  INFO 99455 --- [http-nio-80-exec-1] o.a.c.c.C.[Tomcat].[localhost].[/]       : Initializing Spring DispatcherServlet 'dispatcherServlet'
2019-10-14 23:43:41.505  INFO 99455 --- [http-nio-80-exec-1] o.s.web.servlet.DispatcherServlet        : Initializing Servlet 'dispatcherServlet'
2019-10-14 23:43:41.512  INFO 99455 --- [http-nio-80-exec-1] o.s.web.servlet.DispatcherServlet        : Completed initialization in 7 ms
2019-10-14 23:43:45.610  INFO 99455 --- [http-nio-80-exec-7] o.apache.coyote.http11.Http11Processor   : Error parsing HTTP request header
 Note: further occurrences of HTTP request parsing errors will be logged at DEBUG level.

java.lang.IllegalArgumentException: Invalid character found in method name. HTTP method names must be tokens
	at org.apache.coyote.http11.Http11InputBuffer.parseRequestLine(Http11InputBuffer.java:415) ~[tomcat-embed-core-9.0.26.jar:9.0.26]
	at org.apache.coyote.http11.Http11Processor.service(Http11Processor.java:292) ~[tomcat-embed-core-9.0.26.jar:9.0.26]
	at org.apache.coyote.AbstractProcessorLight.process(AbstractProcessorLight.java:66) [tomcat-embed-core-9.0.26.jar:9.0.26]
	at org.apache.coyote.AbstractProtocol$ConnectionHandler.process(AbstractProtocol.java:860) [tomcat-embed-core-9.0.26.jar:9.0.26]
	at org.apache.tomcat.util.net.NioEndpoint$SocketProcessor.doRun(NioEndpoint.java:1589) [tomcat-embed-core-9.0.26.jar:9.0.26]
	at org.apache.tomcat.util.net.SocketProcessorBase.run(SocketProcessorBase.java:49) [tomcat-embed-core-9.0.26.jar:9.0.26]
	at java.util.concurrent.ThreadPoolExecutor.runWorker(ThreadPoolExecutor.java:1149) [na:1.8.0_191]
	at java.util.concurrent.ThreadPoolExecutor$Worker.run(ThreadPoolExecutor.java:624) [na:1.8.0_191]
	at org.apache.tomcat.util.threads.TaskThread$WrappingRunnable.run(TaskThread.java:61) [tomcat-embed-core-9.0.26.jar:9.0.26]
	at java.lang.Thread.run(Thread.java:748) [na:1.8.0_191]

2019-10-14 23:43:53.394  INFO 99455 --- [http-nio-80-exec-3] o.apache.coyote.http11.Http11Processor   : Error parsing HTTP request header
 Note: further occurrences of HTTP request parsing errors will be logged at DEBUG level.

java.lang.IllegalArgumentException: Invalid character found in method name. HTTP method names must be tokens
	at org.apache.coyote.http11.Http11InputBuffer.parseRequestLine(Http11InputBuffer.java:415) ~[tomcat-embed-core-9.0.26.jar:9.0.26]
	at org.apache.coyote.http11.Http11Processor.service(Http11Processor.java:292) ~[tomcat-embed-core-9.0.26.jar:9.0.26]
	at org.apache.coyote.AbstractProcessorLight.process(AbstractProcessorLight.java:66) [tomcat-embed-core-9.0.26.jar:9.0.26]
	at org.apache.coyote.AbstractProtocol$ConnectionHandler.process(AbstractProtocol.java:860) [tomcat-embed-core-9.0.26.jar:9.0.26]
	at org.apache.tomcat.util.net.NioEndpoint$SocketProcessor.doRun(NioEndpoint.java:1589) [tomcat-embed-core-9.0.26.jar:9.0.26]
	at org.apache.tomcat.util.net.SocketProcessorBase.run(SocketProcessorBase.java:49) [tomcat-embed-core-9.0.26.jar:9.0.26]
	at java.util.concurrent.ThreadPoolExecutor.runWorker(ThreadPoolExecutor.java:1149) [na:1.8.0_191]
	at java.util.concurrent.ThreadPoolExecutor$Worker.run(ThreadPoolExecutor.java:624) [na:1.8.0_191]
	at org.apache.tomcat.util.threads.TaskThread$WrappingRunnable.run(TaskThread.java:61) [tomcat-embed-core-9.0.26.jar:9.0.26]
	at java.lang.Thread.run(Thread.java:748) [na:1.8.0_191]

2019-10-15 15:36:13.633  INFO 1881 --- [restartedMain] c.d.c.community.CommunityApplication     : Starting CommunityApplication on zhoudonmindeMBP.mshome.net with PID 1881 (/Users/noteday/IdeaProjects/community/target/classes started by noteday in /Users/noteday/IdeaProjects/community)
2019-10-15 15:36:13.635  INFO 1881 --- [restartedMain] c.d.c.community.CommunityApplication     : No active profile set, falling back to default profiles: default
2019-10-15 15:36:13.681  INFO 1881 --- [restartedMain] .e.DevToolsPropertyDefaultsPostProcessor : Devtools property defaults active! Set 'spring.devtools.add-properties' to 'false' to disable
2019-10-15 15:36:13.681  INFO 1881 --- [restartedMain] .e.DevToolsPropertyDefaultsPostProcessor : For additional web related logging consider setting the 'logging.level.web' property to 'DEBUG'
2019-10-15 15:36:14.232  WARN 1881 --- [restartedMain] o.m.s.mapper.ClassPathMapperScanner      : No MyBatis mapper was found in '[com.domin.community.community]' package. Please check your configuration.
2019-10-15 15:36:14.811  INFO 1881 --- [restartedMain] o.s.b.w.embedded.tomcat.TomcatWebServer  : Tomcat initialized with port(s): 80 (http)
2019-10-15 15:36:14.837  INFO 1881 --- [restartedMain] o.apache.catalina.core.StandardService   : Starting service [Tomcat]
2019-10-15 15:36:14.837  INFO 1881 --- [restartedMain] org.apache.catalina.core.StandardEngine  : Starting Servlet engine: [Apache Tomcat/9.0.26]
2019-10-15 15:36:14.925  INFO 1881 --- [restartedMain] o.a.c.c.C.[Tomcat].[localhost].[/]       : Initializing Spring embedded WebApplicationContext
2019-10-15 15:36:14.926  INFO 1881 --- [restartedMain] o.s.web.context.ContextLoader            : Root WebApplicationContext: initialization completed in 1245 ms
2019-10-15 15:36:15.136  INFO 1881 --- [restartedMain] o.s.s.concurrent.ThreadPoolTaskExecutor  : Initializing ExecutorService 'applicationTaskExecutor'
2019-10-15 15:36:15.193  INFO 1881 --- [restartedMain] o.s.b.a.w.s.WelcomePageHandlerMapping    : Adding welcome page template: index
2019-10-15 15:36:15.572  INFO 1881 --- [restartedMain] o.s.b.d.a.OptionalLiveReloadServer       : LiveReload server is running on port 35729
2019-10-15 15:36:15.632  INFO 1881 --- [restartedMain] o.s.b.w.embedded.tomcat.TomcatWebServer  : Tomcat started on port(s): 80 (http) with context path ''
2019-10-15 15:36:15.635  INFO 1881 --- [restartedMain] c.d.c.community.CommunityApplication     : Started CommunityApplication in 2.361 seconds (JVM running for 3.064)
2019-10-15 15:36:25.045  INFO 1881 --- [http-nio-80-exec-1] o.a.c.c.C.[Tomcat].[localhost].[/]       : Initializing Spring DispatcherServlet 'dispatcherServlet'
2019-10-15 15:36:25.045  INFO 1881 --- [http-nio-80-exec-1] o.s.web.servlet.DispatcherServlet        : Initializing Servlet 'dispatcherServlet'
2019-10-15 15:36:25.051  INFO 1881 --- [http-nio-80-exec-1] o.s.web.servlet.DispatcherServlet        : Completed initialization in 6 ms
2019-10-15 15:37:09.812  INFO 1881 --- [Thread-13] o.s.s.concurrent.ThreadPoolTaskExecutor  : Shutting down ExecutorService 'applicationTaskExecutor'
2019-10-15 15:37:13.277  INFO 1902 --- [restartedMain] c.d.c.community.CommunityApplication     : Starting CommunityApplication on zhoudonmindeMBP.mshome.net with PID 1902 (/Users/noteday/IdeaProjects/community/target/classes started by noteday in /Users/noteday/IdeaProjects/community)
2019-10-15 15:37:13.280  INFO 1902 --- [restartedMain] c.d.c.community.CommunityApplication     : No active profile set, falling back to default profiles: default
2019-10-15 15:37:13.315  INFO 1902 --- [restartedMain] .e.DevToolsPropertyDefaultsPostProcessor : Devtools property defaults active! Set 'spring.devtools.add-properties' to 'false' to disable
2019-10-15 15:37:13.315  INFO 1902 --- [restartedMain] .e.DevToolsPropertyDefaultsPostProcessor : For additional web related logging consider setting the 'logging.level.web' property to 'DEBUG'
2019-10-15 15:37:13.815  WARN 1902 --- [restartedMain] o.m.s.mapper.ClassPathMapperScanner      : No MyBatis mapper was found in '[com.domin.community.community]' package. Please check your configuration.
2019-10-15 15:37:14.309  INFO 1902 --- [restartedMain] o.s.b.w.embedded.tomcat.TomcatWebServer  : Tomcat initialized with port(s): 80 (http)
2019-10-15 15:37:14.325  INFO 1902 --- [restartedMain] o.apache.catalina.core.StandardService   : Starting service [Tomcat]
2019-10-15 15:37:14.326  INFO 1902 --- [restartedMain] org.apache.catalina.core.StandardEngine  : Starting Servlet engine: [Apache Tomcat/9.0.26]
2019-10-15 15:37:14.388  INFO 1902 --- [restartedMain] o.a.c.c.C.[Tomcat].[localhost].[/]       : Initializing Spring embedded WebApplicationContext
2019-10-15 15:37:14.388  INFO 1902 --- [restartedMain] o.s.web.context.ContextLoader            : Root WebApplicationContext: initialization completed in 1073 ms
2019-10-15 15:37:14.553  INFO 1902 --- [restartedMain] o.s.s.concurrent.ThreadPoolTaskExecutor  : Initializing ExecutorService 'applicationTaskExecutor'
2019-10-15 15:37:14.600  INFO 1902 --- [restartedMain] o.s.b.a.w.s.WelcomePageHandlerMapping    : Adding welcome page template: index
2019-10-15 15:37:14.825  INFO 1902 --- [restartedMain] o.s.b.d.a.OptionalLiveReloadServer       : LiveReload server is running on port 35729
2019-10-15 15:37:14.955  INFO 1902 --- [restartedMain] o.s.b.w.embedded.tomcat.TomcatWebServer  : Tomcat started on port(s): 80 (http) with context path ''
2019-10-15 15:37:14.958  INFO 1902 --- [restartedMain] c.d.c.community.CommunityApplication     : Started CommunityApplication in 1.949 seconds (JVM running for 2.43)
2019-10-15 15:37:25.281  INFO 1902 --- [http-nio-80-exec-1] o.a.c.c.C.[Tomcat].[localhost].[/]       : Initializing Spring DispatcherServlet 'dispatcherServlet'
2019-10-15 15:37:25.281  INFO 1902 --- [http-nio-80-exec-1] o.s.web.servlet.DispatcherServlet        : Initializing Servlet 'dispatcherServlet'
2019-10-15 15:37:25.286  INFO 1902 --- [http-nio-80-exec-1] o.s.web.servlet.DispatcherServlet        : Completed initialization in 5 ms
2019-10-15 15:41:44.485  INFO 1902 --- [Thread-12] o.s.s.concurrent.ThreadPoolTaskExecutor  : Shutting down ExecutorService 'applicationTaskExecutor'
2019-10-15 15:41:48.180  INFO 1932 --- [restartedMain] c.d.c.community.CommunityApplication     : Starting CommunityApplication on zhoudonmindeMBP.mshome.net with PID 1932 (/Users/noteday/IdeaProjects/community/target/classes started by noteday in /Users/noteday/IdeaProjects/community)
2019-10-15 15:41:48.182  INFO 1932 --- [restartedMain] c.d.c.community.CommunityApplication     : No active profile set, falling back to default profiles: default
2019-10-15 15:41:48.220  INFO 1932 --- [restartedMain] .e.DevToolsPropertyDefaultsPostProcessor : Devtools property defaults active! Set 'spring.devtools.add-properties' to 'false' to disable
2019-10-15 15:41:48.220  INFO 1932 --- [restartedMain] .e.DevToolsPropertyDefaultsPostProcessor : For additional web related logging consider setting the 'logging.level.web' property to 'DEBUG'
2019-10-15 15:41:48.709  WARN 1932 --- [restartedMain] o.m.s.mapper.ClassPathMapperScanner      : No MyBatis mapper was found in '[com.domin.community.community]' package. Please check your configuration.
2019-10-15 15:41:49.206  INFO 1932 --- [restartedMain] o.s.b.w.embedded.tomcat.TomcatWebServer  : Tomcat initialized with port(s): 80 (http)
2019-10-15 15:41:49.222  INFO 1932 --- [restartedMain] o.apache.catalina.core.StandardService   : Starting service [Tomcat]
2019-10-15 15:41:49.223  INFO 1932 --- [restartedMain] org.apache.catalina.core.StandardEngine  : Starting Servlet engine: [Apache Tomcat/9.0.26]
2019-10-15 15:41:49.283  INFO 1932 --- [restartedMain] o.a.c.c.C.[Tomcat].[localhost].[/]       : Initializing Spring embedded WebApplicationContext
2019-10-15 15:41:49.283  INFO 1932 --- [restartedMain] o.s.web.context.ContextLoader            : Root WebApplicationContext: initialization completed in 1063 ms
2019-10-15 15:41:49.450  INFO 1932 --- [restartedMain] o.s.s.concurrent.ThreadPoolTaskExecutor  : Initializing ExecutorService 'applicationTaskExecutor'
2019-10-15 15:41:49.497  INFO 1932 --- [restartedMain] o.s.b.a.w.s.WelcomePageHandlerMapping    : Adding welcome page template: index
2019-10-15 15:41:49.812  INFO 1932 --- [restartedMain] o.s.b.d.a.OptionalLiveReloadServer       : LiveReload server is running on port 35729
2019-10-15 15:41:49.864  INFO 1932 --- [restartedMain] o.s.b.w.embedded.tomcat.TomcatWebServer  : Tomcat started on port(s): 80 (http) with context path ''
2019-10-15 15:41:49.868  INFO 1932 --- [restartedMain] c.d.c.community.CommunityApplication     : Started CommunityApplication in 1.945 seconds (JVM running for 2.419)
2019-10-15 15:41:54.456  INFO 1932 --- [http-nio-80-exec-1] o.a.c.c.C.[Tomcat].[localhost].[/]       : Initializing Spring DispatcherServlet 'dispatcherServlet'
2019-10-15 15:41:54.456  INFO 1932 --- [http-nio-80-exec-1] o.s.web.servlet.DispatcherServlet        : Initializing Servlet 'dispatcherServlet'
2019-10-15 15:41:54.461  INFO 1932 --- [http-nio-80-exec-1] o.s.web.servlet.DispatcherServlet        : Completed initialization in 5 ms
2019-10-15 15:43:54.387  INFO 1932 --- [Thread-12] o.s.s.concurrent.ThreadPoolTaskExecutor  : Shutting down ExecutorService 'applicationTaskExecutor'
2019-10-15 15:43:58.217  INFO 1958 --- [restartedMain] c.d.c.community.CommunityApplication     : Starting CommunityApplication on zhoudonmindeMBP.mshome.net with PID 1958 (/Users/noteday/IdeaProjects/community/target/classes started by noteday in /Users/noteday/IdeaProjects/community)
2019-10-15 15:43:58.220  INFO 1958 --- [restartedMain] c.d.c.community.CommunityApplication     : No active profile set, falling back to default profiles: default
2019-10-15 15:43:58.256  INFO 1958 --- [restartedMain] .e.DevToolsPropertyDefaultsPostProcessor : Devtools property defaults active! Set 'spring.devtools.add-properties' to 'false' to disable
2019-10-15 15:43:58.256  INFO 1958 --- [restartedMain] .e.DevToolsPropertyDefaultsPostProcessor : For additional web related logging consider setting the 'logging.level.web' property to 'DEBUG'
2019-10-15 15:43:58.759  WARN 1958 --- [restartedMain] o.m.s.mapper.ClassPathMapperScanner      : No MyBatis mapper was found in '[com.domin.community.community]' package. Please check your configuration.
2019-10-15 15:43:59.290  INFO 1958 --- [restartedMain] o.s.b.w.embedded.tomcat.TomcatWebServer  : Tomcat initialized with port(s): 80 (http)
2019-10-15 15:43:59.308  INFO 1958 --- [restartedMain] o.apache.catalina.core.StandardService   : Starting service [Tomcat]
2019-10-15 15:43:59.309  INFO 1958 --- [restartedMain] org.apache.catalina.core.StandardEngine  : Starting Servlet engine: [Apache Tomcat/9.0.26]
2019-10-15 15:43:59.369  INFO 1958 --- [restartedMain] o.a.c.c.C.[Tomcat].[localhost].[/]       : Initializing Spring embedded WebApplicationContext
2019-10-15 15:43:59.370  INFO 1958 --- [restartedMain] o.s.web.context.ContextLoader            : Root WebApplicationContext: initialization completed in 1114 ms
2019-10-15 15:43:59.540  INFO 1958 --- [restartedMain] o.s.s.concurrent.ThreadPoolTaskExecutor  : Initializing ExecutorService 'applicationTaskExecutor'
2019-10-15 15:43:59.587  INFO 1958 --- [restartedMain] o.s.b.a.w.s.WelcomePageHandlerMapping    : Adding welcome page template: index
2019-10-15 15:43:59.905  INFO 1958 --- [restartedMain] o.s.b.d.a.OptionalLiveReloadServer       : LiveReload server is running on port 35729
2019-10-15 15:43:59.959  INFO 1958 --- [restartedMain] o.s.b.w.embedded.tomcat.TomcatWebServer  : Tomcat started on port(s): 80 (http) with context path ''
2019-10-15 15:43:59.962  INFO 1958 --- [restartedMain] c.d.c.community.CommunityApplication     : Started CommunityApplication in 2.0 seconds (JVM running for 2.465)
2019-10-15 15:44:11.812  INFO 1958 --- [http-nio-80-exec-1] o.a.c.c.C.[Tomcat].[localhost].[/]       : Initializing Spring DispatcherServlet 'dispatcherServlet'
2019-10-15 15:44:11.813  INFO 1958 --- [http-nio-80-exec-1] o.s.web.servlet.DispatcherServlet        : Initializing Servlet 'dispatcherServlet'
2019-10-15 15:44:11.820  INFO 1958 --- [http-nio-80-exec-1] o.s.web.servlet.DispatcherServlet        : Completed initialization in 7 ms
2019-10-15 15:46:13.760  INFO 1958 --- [Thread-12] o.s.s.concurrent.ThreadPoolTaskExecutor  : Shutting down ExecutorService 'applicationTaskExecutor'
2019-10-15 15:46:17.479  INFO 1975 --- [restartedMain] c.d.c.community.CommunityApplication     : Starting CommunityApplication on zhoudonmindeMBP.mshome.net with PID 1975 (/Users/noteday/IdeaProjects/community/target/classes started by noteday in /Users/noteday/IdeaProjects/community)
2019-10-15 15:46:17.481  INFO 1975 --- [restartedMain] c.d.c.community.CommunityApplication     : No active profile set, falling back to default profiles: default
2019-10-15 15:46:17.518  INFO 1975 --- [restartedMain] .e.DevToolsPropertyDefaultsPostProcessor : Devtools property defaults active! Set 'spring.devtools.add-properties' to 'false' to disable
2019-10-15 15:46:17.518  INFO 1975 --- [restartedMain] .e.DevToolsPropertyDefaultsPostProcessor : For additional web related logging consider setting the 'logging.level.web' property to 'DEBUG'
2019-10-15 15:46:17.989  WARN 1975 --- [restartedMain] o.m.s.mapper.ClassPathMapperScanner      : No MyBatis mapper was found in '[com.domin.community.community]' package. Please check your configuration.
2019-10-15 15:46:18.486  INFO 1975 --- [restartedMain] o.s.b.w.embedded.tomcat.TomcatWebServer  : Tomcat initialized with port(s): 80 (http)
2019-10-15 15:46:18.504  INFO 1975 --- [restartedMain] o.apache.catalina.core.StandardService   : Starting service [Tomcat]
2019-10-15 15:46:18.504  INFO 1975 --- [restartedMain] org.apache.catalina.core.StandardEngine  : Starting Servlet engine: [Apache Tomcat/9.0.26]
2019-10-15 15:46:18.561  INFO 1975 --- [restartedMain] o.a.c.c.C.[Tomcat].[localhost].[/]       : Initializing Spring embedded WebApplicationContext
2019-10-15 15:46:18.561  INFO 1975 --- [restartedMain] o.s.web.context.ContextLoader            : Root WebApplicationContext: initialization completed in 1043 ms
2019-10-15 15:46:18.729  INFO 1975 --- [restartedMain] o.s.s.concurrent.ThreadPoolTaskExecutor  : Initializing ExecutorService 'applicationTaskExecutor'
2019-10-15 15:46:18.777  INFO 1975 --- [restartedMain] o.s.b.a.w.s.WelcomePageHandlerMapping    : Adding welcome page template: index
2019-10-15 15:46:19.004  INFO 1975 --- [restartedMain] o.s.b.d.a.OptionalLiveReloadServer       : LiveReload server is running on port 35729
2019-10-15 15:46:19.139  INFO 1975 --- [restartedMain] o.s.b.w.embedded.tomcat.TomcatWebServer  : Tomcat started on port(s): 80 (http) with context path ''
2019-10-15 15:46:19.143  INFO 1975 --- [restartedMain] c.d.c.community.CommunityApplication     : Started CommunityApplication in 1.916 seconds (JVM running for 2.388)
2019-10-15 15:46:23.214  INFO 1975 --- [http-nio-80-exec-1] o.a.c.c.C.[Tomcat].[localhost].[/]       : Initializing Spring DispatcherServlet 'dispatcherServlet'
2019-10-15 15:46:23.214  INFO 1975 --- [http-nio-80-exec-1] o.s.web.servlet.DispatcherServlet        : Initializing Servlet 'dispatcherServlet'
2019-10-15 15:46:23.220  INFO 1975 --- [http-nio-80-exec-1] o.s.web.servlet.DispatcherServlet        : Completed initialization in 6 ms
2019-10-15 15:48:44.002  INFO 1975 --- [Thread-12] o.s.s.concurrent.ThreadPoolTaskExecutor  : Shutting down ExecutorService 'applicationTaskExecutor'
2019-10-15 15:48:47.930  INFO 2000 --- [restartedMain] c.d.c.community.CommunityApplication     : Starting CommunityApplication on zhoudonmindeMBP.mshome.net with PID 2000 (/Users/noteday/IdeaProjects/community/target/classes started by noteday in /Users/noteday/IdeaProjects/community)
2019-10-15 15:48:47.932  INFO 2000 --- [restartedMain] c.d.c.community.CommunityApplication     : No active profile set, falling back to default profiles: default
2019-10-15 15:48:47.969  INFO 2000 --- [restartedMain] .e.DevToolsPropertyDefaultsPostProcessor : Devtools property defaults active! Set 'spring.devtools.add-properties' to 'false' to disable
2019-10-15 15:48:47.969  INFO 2000 --- [restartedMain] .e.DevToolsPropertyDefaultsPostProcessor : For additional web related logging consider setting the 'logging.level.web' property to 'DEBUG'
2019-10-15 15:48:48.447  WARN 2000 --- [restartedMain] o.m.s.mapper.ClassPathMapperScanner      : No MyBatis mapper was found in '[com.domin.community.community]' package. Please check your configuration.
2019-10-15 15:48:48.953  INFO 2000 --- [restartedMain] o.s.b.w.embedded.tomcat.TomcatWebServer  : Tomcat initialized with port(s): 80 (http)
2019-10-15 15:48:48.970  INFO 2000 --- [restartedMain] o.apache.catalina.core.StandardService   : Starting service [Tomcat]
2019-10-15 15:48:48.971  INFO 2000 --- [restartedMain] org.apache.catalina.core.StandardEngine  : Starting Servlet engine: [Apache Tomcat/9.0.26]
2019-10-15 15:48:49.027  INFO 2000 --- [restartedMain] o.a.c.c.C.[Tomcat].[localhost].[/]       : Initializing Spring embedded WebApplicationContext
2019-10-15 15:48:49.027  INFO 2000 --- [restartedMain] o.s.web.context.ContextLoader            : Root WebApplicationContext: initialization completed in 1058 ms
2019-10-15 15:48:49.187  INFO 2000 --- [restartedMain] o.s.s.concurrent.ThreadPoolTaskExecutor  : Initializing ExecutorService 'applicationTaskExecutor'
2019-10-15 15:48:49.233  INFO 2000 --- [restartedMain] o.s.b.a.w.s.WelcomePageHandlerMapping    : Adding welcome page template: index
2019-10-15 15:48:49.533  INFO 2000 --- [restartedMain] o.s.b.d.a.OptionalLiveReloadServer       : LiveReload server is running on port 35729
2019-10-15 15:48:49.585  INFO 2000 --- [restartedMain] o.s.b.w.embedded.tomcat.TomcatWebServer  : Tomcat started on port(s): 80 (http) with context path ''
2019-10-15 15:48:49.588  INFO 2000 --- [restartedMain] c.d.c.community.CommunityApplication     : Started CommunityApplication in 1.919 seconds (JVM running for 2.4)
2019-10-15 15:49:06.044  INFO 2000 --- [http-nio-80-exec-1] o.a.c.c.C.[Tomcat].[localhost].[/]       : Initializing Spring DispatcherServlet 'dispatcherServlet'
2019-10-15 15:49:06.044  INFO 2000 --- [http-nio-80-exec-1] o.s.web.servlet.DispatcherServlet        : Initializing Servlet 'dispatcherServlet'
2019-10-15 15:49:06.049  INFO 2000 --- [http-nio-80-exec-1] o.s.web.servlet.DispatcherServlet        : Completed initialization in 5 ms
2019-10-15 15:49:53.714  INFO 2000 --- [Thread-12] o.s.s.concurrent.ThreadPoolTaskExecutor  : Shutting down ExecutorService 'applicationTaskExecutor'
2019-10-15 15:49:57.374  INFO 2015 --- [restartedMain] c.d.c.community.CommunityApplication     : Starting CommunityApplication on zhoudonmindeMBP.mshome.net with PID 2015 (/Users/noteday/IdeaProjects/community/target/classes started by noteday in /Users/noteday/IdeaProjects/community)
2019-10-15 15:49:57.377  INFO 2015 --- [restartedMain] c.d.c.community.CommunityApplication     : No active profile set, falling back to default profiles: default
2019-10-15 15:49:57.408  INFO 2015 --- [restartedMain] .e.DevToolsPropertyDefaultsPostProcessor : Devtools property defaults active! Set 'spring.devtools.add-properties' to 'false' to disable
2019-10-15 15:49:57.408  INFO 2015 --- [restartedMain] .e.DevToolsPropertyDefaultsPostProcessor : For additional web related logging consider setting the 'logging.level.web' property to 'DEBUG'
2019-10-15 15:49:57.900  WARN 2015 --- [restartedMain] o.m.s.mapper.ClassPathMapperScanner      : No MyBatis mapper was found in '[com.domin.community.community]' package. Please check your configuration.
2019-10-15 15:49:58.371  INFO 2015 --- [restartedMain] o.s.b.w.embedded.tomcat.TomcatWebServer  : Tomcat initialized with port(s): 80 (http)
2019-10-15 15:49:58.392  INFO 2015 --- [restartedMain] o.apache.catalina.core.StandardService   : Starting service [Tomcat]
2019-10-15 15:49:58.393  INFO 2015 --- [restartedMain] org.apache.catalina.core.StandardEngine  : Starting Servlet engine: [Apache Tomcat/9.0.26]
2019-10-15 15:49:58.471  INFO 2015 --- [restartedMain] o.a.c.c.C.[Tomcat].[localhost].[/]       : Initializing Spring embedded WebApplicationContext
2019-10-15 15:49:58.471  INFO 2015 --- [restartedMain] o.s.web.context.ContextLoader            : Root WebApplicationContext: initialization completed in 1063 ms
2019-10-15 15:49:58.638  INFO 2015 --- [restartedMain] o.s.s.concurrent.ThreadPoolTaskExecutor  : Initializing ExecutorService 'applicationTaskExecutor'
2019-10-15 15:49:58.682  INFO 2015 --- [restartedMain] o.s.b.a.w.s.WelcomePageHandlerMapping    : Adding welcome page template: index
2019-10-15 15:49:58.960  INFO 2015 --- [restartedMain] o.s.b.d.a.OptionalLiveReloadServer       : LiveReload server is running on port 35729
2019-10-15 15:49:59.017  INFO 2015 --- [restartedMain] o.s.b.w.embedded.tomcat.TomcatWebServer  : Tomcat started on port(s): 80 (http) with context path ''
2019-10-15 15:49:59.020  INFO 2015 --- [restartedMain] c.d.c.community.CommunityApplication     : Started CommunityApplication in 1.921 seconds (JVM running for 2.391)
2019-10-15 15:50:20.115  INFO 2015 --- [http-nio-80-exec-1] o.a.c.c.C.[Tomcat].[localhost].[/]       : Initializing Spring DispatcherServlet 'dispatcherServlet'
2019-10-15 15:50:20.115  INFO 2015 --- [http-nio-80-exec-1] o.s.web.servlet.DispatcherServlet        : Initializing Servlet 'dispatcherServlet'
2019-10-15 15:50:20.121  INFO 2015 --- [http-nio-80-exec-1] o.s.web.servlet.DispatcherServlet        : Completed initialization in 5 ms
2019-10-15 16:12:35.634  INFO 2015 --- [Thread-12] o.s.s.concurrent.ThreadPoolTaskExecutor  : Shutting down ExecutorService 'applicationTaskExecutor'
2019-10-15 16:12:39.952  INFO 2162 --- [restartedMain] c.d.c.community.CommunityApplication     : Starting CommunityApplication on zhoudonmindeMBP with PID 2162 (/Users/noteday/IdeaProjects/community/target/classes started by noteday in /Users/noteday/IdeaProjects/community)
2019-10-15 16:12:39.954  INFO 2162 --- [restartedMain] c.d.c.community.CommunityApplication     : No active profile set, falling back to default profiles: default
2019-10-15 16:12:39.987  INFO 2162 --- [restartedMain] .e.DevToolsPropertyDefaultsPostProcessor : Devtools property defaults active! Set 'spring.devtools.add-properties' to 'false' to disable
2019-10-15 16:12:39.987  INFO 2162 --- [restartedMain] .e.DevToolsPropertyDefaultsPostProcessor : For additional web related logging consider setting the 'logging.level.web' property to 'DEBUG'
2019-10-15 16:12:40.462  WARN 2162 --- [restartedMain] o.m.s.mapper.ClassPathMapperScanner      : No MyBatis mapper was found in '[com.domin.community.community]' package. Please check your configuration.
2019-10-15 16:12:40.914  INFO 2162 --- [restartedMain] o.s.b.w.embedded.tomcat.TomcatWebServer  : Tomcat initialized with port(s): 80 (http)
2019-10-15 16:12:40.935  INFO 2162 --- [restartedMain] o.apache.catalina.core.StandardService   : Starting service [Tomcat]
2019-10-15 16:12:40.935  INFO 2162 --- [restartedMain] org.apache.catalina.core.StandardEngine  : Starting Servlet engine: [Apache Tomcat/9.0.26]
2019-10-15 16:12:41.004  INFO 2162 --- [restartedMain] o.a.c.c.C.[Tomcat].[localhost].[/]       : Initializing Spring embedded WebApplicationContext
2019-10-15 16:12:41.005  INFO 2162 --- [restartedMain] o.s.web.context.ContextLoader            : Root WebApplicationContext: initialization completed in 1017 ms
2019-10-15 16:12:41.183  INFO 2162 --- [restartedMain] o.s.s.concurrent.ThreadPoolTaskExecutor  : Initializing ExecutorService 'applicationTaskExecutor'
2019-10-15 16:12:41.227  INFO 2162 --- [restartedMain] o.s.b.a.w.s.WelcomePageHandlerMapping    : Adding welcome page template: index
2019-10-15 16:12:41.461  INFO 2162 --- [restartedMain] o.s.b.d.a.OptionalLiveReloadServer       : LiveReload server is running on port 35729
2019-10-15 16:12:41.571  INFO 2162 --- [restartedMain] o.s.b.w.embedded.tomcat.TomcatWebServer  : Tomcat started on port(s): 80 (http) with context path ''
2019-10-15 16:12:41.574  INFO 2162 --- [restartedMain] c.d.c.community.CommunityApplication     : Started CommunityApplication in 1.884 seconds (JVM running for 2.402)
2019-10-15 16:12:56.869  INFO 2162 --- [http-nio-80-exec-1] o.a.c.c.C.[Tomcat].[localhost].[/]       : Initializing Spring DispatcherServlet 'dispatcherServlet'
2019-10-15 16:12:56.869  INFO 2162 --- [http-nio-80-exec-1] o.s.web.servlet.DispatcherServlet        : Initializing Servlet 'dispatcherServlet'
2019-10-15 16:12:56.875  INFO 2162 --- [http-nio-80-exec-1] o.s.web.servlet.DispatcherServlet        : Completed initialization in 6 ms
2019-10-15 16:28:21.027  WARN 2162 --- [http-nio-80-exec-1] .w.s.m.s.DefaultHandlerExceptionResolver : Resolved [org.springframework.web.bind.MissingServletRequestParameterException: Required String parameter 'code' is not present]
2019-10-15 16:29:07.196  WARN 2162 --- [http-nio-80-exec-2] .w.s.m.s.DefaultHandlerExceptionResolver : Resolved [org.springframework.web.bind.MissingServletRequestParameterException: Required String parameter 'code' is not present]
2019-10-15 16:29:37.254  INFO 2162 --- [Thread-9] o.s.s.concurrent.ThreadPoolTaskExecutor  : Shutting down ExecutorService 'applicationTaskExecutor'
2019-10-15 16:29:41.073  INFO 2336 --- [restartedMain] c.d.c.community.CommunityApplication     : Starting CommunityApplication on zhoudonmindeMBP with PID 2336 (/Users/noteday/IdeaProjects/community/target/classes started by noteday in /Users/noteday/IdeaProjects/community)
2019-10-15 16:29:41.075  INFO 2336 --- [restartedMain] c.d.c.community.CommunityApplication     : No active profile set, falling back to default profiles: default
2019-10-15 16:29:41.110  INFO 2336 --- [restartedMain] .e.DevToolsPropertyDefaultsPostProcessor : Devtools property defaults active! Set 'spring.devtools.add-properties' to 'false' to disable
2019-10-15 16:29:41.110  INFO 2336 --- [restartedMain] .e.DevToolsPropertyDefaultsPostProcessor : For additional web related logging consider setting the 'logging.level.web' property to 'DEBUG'
2019-10-15 16:29:41.582  WARN 2336 --- [restartedMain] o.m.s.mapper.ClassPathMapperScanner      : No MyBatis mapper was found in '[com.domin.community.community]' package. Please check your configuration.
2019-10-15 16:29:42.065  INFO 2336 --- [restartedMain] o.s.b.w.embedded.tomcat.TomcatWebServer  : Tomcat initialized with port(s): 80 (http)
2019-10-15 16:29:42.082  INFO 2336 --- [restartedMain] o.apache.catalina.core.StandardService   : Starting service [Tomcat]
2019-10-15 16:29:42.082  INFO 2336 --- [restartedMain] org.apache.catalina.core.StandardEngine  : Starting Servlet engine: [Apache Tomcat/9.0.26]
2019-10-15 16:29:42.136  INFO 2336 --- [restartedMain] o.a.c.c.C.[Tomcat].[localhost].[/]       : Initializing Spring embedded WebApplicationContext
2019-10-15 16:29:42.136  INFO 2336 --- [restartedMain] o.s.web.context.ContextLoader            : Root WebApplicationContext: initialization completed in 1026 ms
2019-10-15 16:29:42.290  INFO 2336 --- [restartedMain] o.s.s.concurrent.ThreadPoolTaskExecutor  : Initializing ExecutorService 'applicationTaskExecutor'
2019-10-15 16:29:42.335  INFO 2336 --- [restartedMain] o.s.b.a.w.s.WelcomePageHandlerMapping    : Adding welcome page template: index
2019-10-15 16:29:42.631  INFO 2336 --- [restartedMain] o.s.b.d.a.OptionalLiveReloadServer       : LiveReload server is running on port 35729
2019-10-15 16:29:42.683  INFO 2336 --- [restartedMain] o.s.b.w.embedded.tomcat.TomcatWebServer  : Tomcat started on port(s): 80 (http) with context path ''
2019-10-15 16:29:42.687  INFO 2336 --- [restartedMain] c.d.c.community.CommunityApplication     : Started CommunityApplication in 1.87 seconds (JVM running for 2.386)
2019-10-15 16:30:51.123  INFO 2336 --- [http-nio-80-exec-1] o.a.c.c.C.[Tomcat].[localhost].[/]       : Initializing Spring DispatcherServlet 'dispatcherServlet'
2019-10-15 16:30:51.125  INFO 2336 --- [http-nio-80-exec-1] o.s.web.servlet.DispatcherServlet        : Initializing Servlet 'dispatcherServlet'
2019-10-15 16:30:51.133  INFO 2336 --- [http-nio-80-exec-1] o.s.web.servlet.DispatcherServlet        : Completed initialization in 8 ms
2019-10-15 16:32:22.969  INFO 2336 --- [Thread-12] o.s.s.concurrent.ThreadPoolTaskExecutor  : Shutting down ExecutorService 'applicationTaskExecutor'
2019-10-15 16:32:26.657  INFO 2365 --- [restartedMain] c.d.c.community.CommunityApplication     : Starting CommunityApplication on zhoudonmindeMBP with PID 2365 (/Users/noteday/IdeaProjects/community/target/classes started by noteday in /Users/noteday/IdeaProjects/community)
2019-10-15 16:32:26.659  INFO 2365 --- [restartedMain] c.d.c.community.CommunityApplication     : No active profile set, falling back to default profiles: default
2019-10-15 16:32:26.694  INFO 2365 --- [restartedMain] .e.DevToolsPropertyDefaultsPostProcessor : Devtools property defaults active! Set 'spring.devtools.add-properties' to 'false' to disable
2019-10-15 16:32:26.694  INFO 2365 --- [restartedMain] .e.DevToolsPropertyDefaultsPostProcessor : For additional web related logging consider setting the 'logging.level.web' property to 'DEBUG'
2019-10-15 16:32:27.150  WARN 2365 --- [restartedMain] o.m.s.mapper.ClassPathMapperScanner      : No MyBatis mapper was found in '[com.domin.community.community]' package. Please check your configuration.
2019-10-15 16:32:27.643  INFO 2365 --- [restartedMain] o.s.b.w.embedded.tomcat.TomcatWebServer  : Tomcat initialized with port(s): 80 (http)
2019-10-15 16:32:27.661  INFO 2365 --- [restartedMain] o.apache.catalina.core.StandardService   : Starting service [Tomcat]
2019-10-15 16:32:27.661  INFO 2365 --- [restartedMain] org.apache.catalina.core.StandardEngine  : Starting Servlet engine: [Apache Tomcat/9.0.26]
2019-10-15 16:32:27.720  INFO 2365 --- [restartedMain] o.a.c.c.C.[Tomcat].[localhost].[/]       : Initializing Spring embedded WebApplicationContext
2019-10-15 16:32:27.721  INFO 2365 --- [restartedMain] o.s.web.context.ContextLoader            : Root WebApplicationContext: initialization completed in 1027 ms
2019-10-15 16:32:27.881  INFO 2365 --- [restartedMain] o.s.s.concurrent.ThreadPoolTaskExecutor  : Initializing ExecutorService 'applicationTaskExecutor'
2019-10-15 16:32:27.929  INFO 2365 --- [restartedMain] o.s.b.a.w.s.WelcomePageHandlerMapping    : Adding welcome page template: index
2019-10-15 16:32:28.237  INFO 2365 --- [restartedMain] o.s.b.d.a.OptionalLiveReloadServer       : LiveReload server is running on port 35729
2019-10-15 16:32:28.292  INFO 2365 --- [restartedMain] o.s.b.w.embedded.tomcat.TomcatWebServer  : Tomcat started on port(s): 80 (http) with context path ''
2019-10-15 16:32:28.296  INFO 2365 --- [restartedMain] c.d.c.community.CommunityApplication     : Started CommunityApplication in 1.896 seconds (JVM running for 2.361)
2019-10-15 16:32:38.651  INFO 2365 --- [http-nio-80-exec-1] o.a.c.c.C.[Tomcat].[localhost].[/]       : Initializing Spring DispatcherServlet 'dispatcherServlet'
2019-10-15 16:32:38.651  INFO 2365 --- [http-nio-80-exec-1] o.s.web.servlet.DispatcherServlet        : Initializing Servlet 'dispatcherServlet'
2019-10-15 16:32:38.657  INFO 2365 --- [http-nio-80-exec-1] o.s.web.servlet.DispatcherServlet        : Completed initialization in 6 ms
2019-10-15 16:32:47.760  WARN 2365 --- [http-nio-80-exec-7] .w.s.m.s.DefaultHandlerExceptionResolver : Resolved [org.springframework.web.bind.MissingServletRequestParameterException: Required String parameter 'code' is not present]
2019-10-15 16:33:01.315  WARN 2365 --- [http-nio-80-exec-4] .w.s.m.s.DefaultHandlerExceptionResolver : Resolved [org.springframework.web.bind.MissingServletRequestParameterException: Required String parameter 'code' is not present]
2019-10-15 16:33:30.830  INFO 2365 --- [Thread-12] o.s.s.concurrent.ThreadPoolTaskExecutor  : Shutting down ExecutorService 'applicationTaskExecutor'
2019-10-15 16:33:33.197  INFO 2372 --- [restartedMain] c.d.c.community.CommunityApplication     : Starting CommunityApplication on zhoudonmindeMBP with PID 2372 (/Users/noteday/IdeaProjects/community/target/classes started by noteday in /Users/noteday/IdeaProjects/community)
2019-10-15 16:33:33.200  INFO 2372 --- [restartedMain] c.d.c.community.CommunityApplication     : No active profile set, falling back to default profiles: default
2019-10-15 16:33:33.237  INFO 2372 --- [restartedMain] .e.DevToolsPropertyDefaultsPostProcessor : Devtools property defaults active! Set 'spring.devtools.add-properties' to 'false' to disable
2019-10-15 16:33:33.237  INFO 2372 --- [restartedMain] .e.DevToolsPropertyDefaultsPostProcessor : For additional web related logging consider setting the 'logging.level.web' property to 'DEBUG'
2019-10-15 16:33:33.719  WARN 2372 --- [restartedMain] o.m.s.mapper.ClassPathMapperScanner      : No MyBatis mapper was found in '[com.domin.community.community]' package. Please check your configuration.
2019-10-15 16:33:34.252  INFO 2372 --- [restartedMain] o.s.b.w.embedded.tomcat.TomcatWebServer  : Tomcat initialized with port(s): 80 (http)
2019-10-15 16:33:34.269  INFO 2372 --- [restartedMain] o.apache.catalina.core.StandardService   : Starting service [Tomcat]
2019-10-15 16:33:34.269  INFO 2372 --- [restartedMain] org.apache.catalina.core.StandardEngine  : Starting Servlet engine: [Apache Tomcat/9.0.26]
2019-10-15 16:33:34.326  INFO 2372 --- [restartedMain] o.a.c.c.C.[Tomcat].[localhost].[/]       : Initializing Spring embedded WebApplicationContext
2019-10-15 16:33:34.327  INFO 2372 --- [restartedMain] o.s.web.context.ContextLoader            : Root WebApplicationContext: initialization completed in 1089 ms
2019-10-15 16:33:34.489  INFO 2372 --- [restartedMain] o.s.s.concurrent.ThreadPoolTaskExecutor  : Initializing ExecutorService 'applicationTaskExecutor'
2019-10-15 16:33:34.534  INFO 2372 --- [restartedMain] o.s.b.a.w.s.WelcomePageHandlerMapping    : Adding welcome page template: index
2019-10-15 16:33:34.838  INFO 2372 --- [restartedMain] o.s.b.d.a.OptionalLiveReloadServer       : LiveReload server is running on port 35729
2019-10-15 16:33:34.899  INFO 2372 --- [restartedMain] o.s.b.w.embedded.tomcat.TomcatWebServer  : Tomcat started on port(s): 80 (http) with context path ''
2019-10-15 16:33:34.902  INFO 2372 --- [restartedMain] c.d.c.community.CommunityApplication     : Started CommunityApplication in 1.968 seconds (JVM running for 2.441)
2019-10-15 16:33:42.272  INFO 2372 --- [http-nio-80-exec-1] o.a.c.c.C.[Tomcat].[localhost].[/]       : Initializing Spring DispatcherServlet 'dispatcherServlet'
2019-10-15 16:33:42.273  INFO 2372 --- [http-nio-80-exec-1] o.s.web.servlet.DispatcherServlet        : Initializing Servlet 'dispatcherServlet'
2019-10-15 16:33:42.278  INFO 2372 --- [http-nio-80-exec-1] o.s.web.servlet.DispatcherServlet        : Completed initialization in 5 ms
2019-10-15 16:44:57.103  INFO 2372 --- [Thread-12] o.s.s.concurrent.ThreadPoolTaskExecutor  : Shutting down ExecutorService 'applicationTaskExecutor'
2019-10-15 16:45:00.900  INFO 2485 --- [restartedMain] c.d.c.community.CommunityApplication     : Starting CommunityApplication on zhoudonmindeMBP with PID 2485 (/Users/noteday/IdeaProjects/community/target/classes started by noteday in /Users/noteday/IdeaProjects/community)
2019-10-15 16:45:00.902  INFO 2485 --- [restartedMain] c.d.c.community.CommunityApplication     : No active profile set, falling back to default profiles: default
2019-10-15 16:45:00.938  INFO 2485 --- [restartedMain] .e.DevToolsPropertyDefaultsPostProcessor : Devtools property defaults active! Set 'spring.devtools.add-properties' to 'false' to disable
2019-10-15 16:45:00.939  INFO 2485 --- [restartedMain] .e.DevToolsPropertyDefaultsPostProcessor : For additional web related logging consider setting the 'logging.level.web' property to 'DEBUG'
2019-10-15 16:45:01.406  WARN 2485 --- [restartedMain] o.m.s.mapper.ClassPathMapperScanner      : No MyBatis mapper was found in '[com.domin.community.community]' package. Please check your configuration.
2019-10-15 16:45:01.908  INFO 2485 --- [restartedMain] o.s.b.w.embedded.tomcat.TomcatWebServer  : Tomcat initialized with port(s): 80 (http)
2019-10-15 16:45:01.924  INFO 2485 --- [restartedMain] o.apache.catalina.core.StandardService   : Starting service [Tomcat]
2019-10-15 16:45:01.925  INFO 2485 --- [restartedMain] org.apache.catalina.core.StandardEngine  : Starting Servlet engine: [Apache Tomcat/9.0.26]
2019-10-15 16:45:01.984  INFO 2485 --- [restartedMain] o.a.c.c.C.[Tomcat].[localhost].[/]       : Initializing Spring embedded WebApplicationContext
2019-10-15 16:45:01.984  INFO 2485 --- [restartedMain] o.s.web.context.ContextLoader            : Root WebApplicationContext: initialization completed in 1045 ms
2019-10-15 16:45:02.146  INFO 2485 --- [restartedMain] o.s.s.concurrent.ThreadPoolTaskExecutor  : Initializing ExecutorService 'applicationTaskExecutor'
2019-10-15 16:45:02.193  INFO 2485 --- [restartedMain] o.s.b.a.w.s.WelcomePageHandlerMapping    : Adding welcome page template: index
2019-10-15 16:45:02.505  INFO 2485 --- [restartedMain] o.s.b.d.a.OptionalLiveReloadServer       : LiveReload server is running on port 35729
2019-10-15 16:45:02.561  INFO 2485 --- [restartedMain] o.s.b.w.embedded.tomcat.TomcatWebServer  : Tomcat started on port(s): 80 (http) with context path ''
2019-10-15 16:45:02.565  INFO 2485 --- [restartedMain] c.d.c.community.CommunityApplication     : Started CommunityApplication in 1.936 seconds (JVM running for 2.45)
2019-10-15 16:45:04.839  INFO 2485 --- [http-nio-80-exec-1] o.a.c.c.C.[Tomcat].[localhost].[/]       : Initializing Spring DispatcherServlet 'dispatcherServlet'
2019-10-15 16:45:04.840  INFO 2485 --- [http-nio-80-exec-1] o.s.web.servlet.DispatcherServlet        : Initializing Servlet 'dispatcherServlet'
2019-10-15 16:45:04.844  INFO 2485 --- [http-nio-80-exec-1] o.s.web.servlet.DispatcherServlet        : Completed initialization in 4 ms
2019-10-15 16:56:34.178  INFO 2485 --- [Thread-12] o.s.s.concurrent.ThreadPoolTaskExecutor  : Shutting down ExecutorService 'applicationTaskExecutor'
2019-10-15 16:56:38.228  INFO 2658 --- [restartedMain] c.d.c.community.CommunityApplication     : Starting CommunityApplication on zhoudonmindeMBP with PID 2658 (/Users/noteday/IdeaProjects/community/target/classes started by noteday in /Users/noteday/IdeaProjects/community)
2019-10-15 16:56:38.230  INFO 2658 --- [restartedMain] c.d.c.community.CommunityApplication     : No active profile set, falling back to default profiles: default
2019-10-15 16:56:38.266  INFO 2658 --- [restartedMain] .e.DevToolsPropertyDefaultsPostProcessor : Devtools property defaults active! Set 'spring.devtools.add-properties' to 'false' to disable
2019-10-15 16:56:38.266  INFO 2658 --- [restartedMain] .e.DevToolsPropertyDefaultsPostProcessor : For additional web related logging consider setting the 'logging.level.web' property to 'DEBUG'
2019-10-15 16:56:38.753  WARN 2658 --- [restartedMain] o.m.s.mapper.ClassPathMapperScanner      : No MyBatis mapper was found in '[com.domin.community.community]' package. Please check your configuration.
2019-10-15 16:56:39.268  INFO 2658 --- [restartedMain] o.s.b.w.embedded.tomcat.TomcatWebServer  : Tomcat initialized with port(s): 80 (http)
2019-10-15 16:56:39.287  INFO 2658 --- [restartedMain] o.apache.catalina.core.StandardService   : Starting service [Tomcat]
2019-10-15 16:56:39.287  INFO 2658 --- [restartedMain] org.apache.catalina.core.StandardEngine  : Starting Servlet engine: [Apache Tomcat/9.0.26]
2019-10-15 16:56:39.346  INFO 2658 --- [restartedMain] o.a.c.c.C.[Tomcat].[localhost].[/]       : Initializing Spring embedded WebApplicationContext
2019-10-15 16:56:39.346  INFO 2658 --- [restartedMain] o.s.web.context.ContextLoader            : Root WebApplicationContext: initialization completed in 1080 ms
2019-10-15 16:56:39.517  INFO 2658 --- [restartedMain] o.s.s.concurrent.ThreadPoolTaskExecutor  : Initializing ExecutorService 'applicationTaskExecutor'
2019-10-15 16:56:39.563  INFO 2658 --- [restartedMain] o.s.b.a.w.s.WelcomePageHandlerMapping    : Adding welcome page template: index
2019-10-15 16:56:39.889  INFO 2658 --- [restartedMain] o.s.b.d.a.OptionalLiveReloadServer       : LiveReload server is running on port 35729
2019-10-15 16:56:39.940  INFO 2658 --- [restartedMain] o.s.b.w.embedded.tomcat.TomcatWebServer  : Tomcat started on port(s): 80 (http) with context path ''
2019-10-15 16:56:39.943  INFO 2658 --- [restartedMain] c.d.c.community.CommunityApplication     : Started CommunityApplication in 1.975 seconds (JVM running for 2.457)
2019-10-15 16:56:49.780  INFO 2658 --- [http-nio-80-exec-1] o.a.c.c.C.[Tomcat].[localhost].[/]       : Initializing Spring DispatcherServlet 'dispatcherServlet'
2019-10-15 16:56:49.781  INFO 2658 --- [http-nio-80-exec-1] o.s.web.servlet.DispatcherServlet        : Initializing Servlet 'dispatcherServlet'
2019-10-15 16:56:49.793  INFO 2658 --- [http-nio-80-exec-1] o.s.web.servlet.DispatcherServlet        : Completed initialization in 12 ms
2019-10-15 17:00:33.073  INFO 2658 --- [Thread-12] o.s.s.concurrent.ThreadPoolTaskExecutor  : Shutting down ExecutorService 'applicationTaskExecutor'
2019-10-15 17:00:36.781  INFO 2719 --- [restartedMain] c.d.c.community.CommunityApplication     : Starting CommunityApplication on zhoudonmindeMBP with PID 2719 (/Users/noteday/IdeaProjects/community/target/classes started by noteday in /Users/noteday/IdeaProjects/community)
2019-10-15 17:00:36.783  INFO 2719 --- [restartedMain] c.d.c.community.CommunityApplication     : No active profile set, falling back to default profiles: default
2019-10-15 17:00:36.816  INFO 2719 --- [restartedMain] .e.DevToolsPropertyDefaultsPostProcessor : Devtools property defaults active! Set 'spring.devtools.add-properties' to 'false' to disable
2019-10-15 17:00:36.816  INFO 2719 --- [restartedMain] .e.DevToolsPropertyDefaultsPostProcessor : For additional web related logging consider setting the 'logging.level.web' property to 'DEBUG'
2019-10-15 17:00:37.299  WARN 2719 --- [restartedMain] o.m.s.mapper.ClassPathMapperScanner      : No MyBatis mapper was found in '[com.domin.community.community]' package. Please check your configuration.
2019-10-15 17:00:37.762  INFO 2719 --- [restartedMain] o.s.b.w.embedded.tomcat.TomcatWebServer  : Tomcat initialized with port(s): 80 (http)
2019-10-15 17:00:37.781  INFO 2719 --- [restartedMain] o.apache.catalina.core.StandardService   : Starting service [Tomcat]
2019-10-15 17:00:37.781  INFO 2719 --- [restartedMain] org.apache.catalina.core.StandardEngine  : Starting Servlet engine: [Apache Tomcat/9.0.26]
2019-10-15 17:00:37.861  INFO 2719 --- [restartedMain] o.a.c.c.C.[Tomcat].[localhost].[/]       : Initializing Spring embedded WebApplicationContext
2019-10-15 17:00:37.862  INFO 2719 --- [restartedMain] o.s.web.context.ContextLoader            : Root WebApplicationContext: initialization completed in 1046 ms
2019-10-15 17:00:38.021  INFO 2719 --- [restartedMain] o.s.s.concurrent.ThreadPoolTaskExecutor  : Initializing ExecutorService 'applicationTaskExecutor'
2019-10-15 17:00:38.065  INFO 2719 --- [restartedMain] o.s.b.a.w.s.WelcomePageHandlerMapping    : Adding welcome page template: index
2019-10-15 17:00:38.344  INFO 2719 --- [restartedMain] o.s.b.d.a.OptionalLiveReloadServer       : LiveReload server is running on port 35729
2019-10-15 17:00:38.397  INFO 2719 --- [restartedMain] o.s.b.w.embedded.tomcat.TomcatWebServer  : Tomcat started on port(s): 80 (http) with context path ''
2019-10-15 17:00:38.400  INFO 2719 --- [restartedMain] c.d.c.community.CommunityApplication     : Started CommunityApplication in 1.886 seconds (JVM running for 2.422)
2019-10-15 17:00:48.328  INFO 2719 --- [http-nio-80-exec-1] o.a.c.c.C.[Tomcat].[localhost].[/]       : Initializing Spring DispatcherServlet 'dispatcherServlet'
2019-10-15 17:00:48.328  INFO 2719 --- [http-nio-80-exec-1] o.s.web.servlet.DispatcherServlet        : Initializing Servlet 'dispatcherServlet'
2019-10-15 17:00:48.333  INFO 2719 --- [http-nio-80-exec-1] o.s.web.servlet.DispatcherServlet        : Completed initialization in 5 ms
